#-----------------------------------------------------------
# Vivado v2019.1 (64-bit)
# SW Build 2552052 on Fri May 24 14:49:42 MDT 2019
# IP Build 2548770 on Fri May 24 18:01:18 MDT 2019
# Start of session at: Wed Oct 21 19:18:23 2020
# Process ID: 13448
# Current directory: C:/Users/g1003/OneDrive/Desktop/Tutorial_Files/accelerator_demo
# Command line: vivado.exe -gui_launcher_event rodinguilauncherevent11760 C:\Users\g1003\OneDrive\Desktop\Tutorial_Files\accelerator_demo\accelerator_demo.xpr
# Log file: C:/Users/g1003/OneDrive/Desktop/Tutorial_Files/accelerator_demo/vivado.log
# Journal file: C:/Users/g1003/OneDrive/Desktop/Tutorial_Files/accelerator_demo\vivado.jou
#-----------------------------------------------------------
start_gui
open_project C:/Users/g1003/OneDrive/Desktop/Tutorial_Files/accelerator_demo/accelerator_demo.xpr
Scanning sources...
Finished scanning sources
INFO: [IP_Flow 19-234] Refreshing IP repositories
INFO: [IP_Flow 19-1700] Loaded user IP repository 'c:/Users/g1003/OneDrive/Desktop/Tutorial_Files/accelerator_hls/vector_multiplier'.
INFO: [IP_Flow 19-2313] Loaded Vivado IP repository 'C:/Xilinx/Vivado/2019.1/data/ip'.
open_project: Time (s): cpu = 00:00:11 ; elapsed = 00:00:07 . Memory (MB): peak = 767.055 ; gain = 117.078
launch_sdk -workspace C:/Users/g1003/OneDrive/Desktop/Tutorial_Files/accelerator_demo/accelerator_demo.sdk -hwspec C:/Users/g1003/OneDrive/Desktop/Tutorial_Files/accelerator_demo/accelerator_demo.sdk/accelerator_bd_wrapper.hdf
INFO: [Vivado 12-393] Launching SDK...
INFO: [Vivado 12-417] Running xsdk -workspace C:/Users/g1003/OneDrive/Desktop/Tutorial_Files/accelerator_demo/accelerator_demo.sdk -hwspec C:/Users/g1003/OneDrive/Desktop/Tutorial_Files/accelerator_demo/accelerator_demo.sdk/accelerator_bd_wrapper.hdf
INFO: [Vivado 12-3157] SDK launch initiated. Please check console for any further messages.
update_compile_order -fileset sources_1
exit
INFO: [Common 17-206] Exiting Vivado at Wed Oct 21 19:19:01 2020...
