#-----------------------------------------------------------
# Webtalk v2019.1 (64-bit)
# SW Build 2552052 on Fri May 24 14:49:42 MDT 2019
# 
# Start of session at: Wed Oct 21 19:04:28 2020
# Process ID: 7796
# Current directory: C:/Users/g1003/OneDrive/Desktop/Tutorial_Files/accelerator_demo/accelerator_demo.sdk/webtalk
# Command line: wbtcv.exe -mode batch -source sdk_webtalk.tcl
# Log file: C:/Users/g1003/OneDrive/Desktop/Tutorial_Files/accelerator_demo/accelerator_demo.sdk/webtalk/webtalk.log
# Journal file: C:/Users/g1003/OneDrive/Desktop/Tutorial_Files/accelerator_demo/accelerator_demo.sdk/webtalk\webtalk.jou
#-----------------------------------------------------------
source sdk_webtalk.tcl
# webtalk_init -webtalk_dir C:\\Users\\g1003\\OneDrive\\Desktop\\Tutorial_Files\\accelerator_demo\\accelerator_demo.sdk\\webtalk
# webtalk_register_client -client project
# webtalk_add_data -client project -key date_generated -value "2020-10-21 19:04:27" -context "software_version_and_target_device"
# webtalk_add_data -client project -key product_version -value "SDK v2019.1" -context "software_version_and_target_device"
# webtalk_add_data -client project -key build_version -value "2019.1" -context "software_version_and_target_device"
# webtalk_add_data -client project -key os_platform -value "amd64" -context "software_version_and_target_device"
# webtalk_add_data -client project -key registration_id -value "" -context "software_version_and_target_device"
# webtalk_add_data -client project -key tool_flow -value "SDK" -context "software_version_and_target_device"
# webtalk_add_data -client project -key beta -value "false" -context "software_version_and_target_device"
# webtalk_add_data -client project -key route_design -value "NA" -context "software_version_and_target_device"
# webtalk_add_data -client project -key target_family -value "NA" -context "software_version_and_target_device"
# webtalk_add_data -client project -key target_device -value "NA" -context "software_version_and_target_device"
# webtalk_add_data -client project -key target_package -value "NA" -context "software_version_and_target_device"
# webtalk_add_data -client project -key target_speed -value "NA" -context "software_version_and_target_device"
# webtalk_add_data -client project -key random_id -value "dhc3i8gakumcr3l6hg298iq7gj" -context "software_version_and_target_device"
# webtalk_add_data -client project -key project_id -value "2019.1_9" -context "software_version_and_target_device"
# webtalk_add_data -client project -key project_iteration -value "9" -context "software_version_and_target_device"
# webtalk_add_data -client project -key os_name -value "Microsoft Windows 8 or later , 64-bit" -context "user_environment"
# webtalk_add_data -client project -key os_release -value "major release  (build 9200)" -context "user_environment"
# webtalk_add_data -client project -key cpu_name -value "AMD Ryzen 9 3900X 12-Core Processor            " -context "user_environment"
# webtalk_add_data -client project -key cpu_speed -value "3793 MHz" -context "user_environment"
# webtalk_add_data -client project -key total_processors -value "2" -context "user_environment"
# webtalk_add_data -client project -key system_ram -value "17.092 GB" -context "user_environment"
# webtalk_register_client -client sdk
# webtalk_add_data -client sdk -key uid -value "1603319595301" -context "sdk\\\\application/1603319595301"
# webtalk_add_data -client sdk -key hwid -value "1603317451216" -context "sdk\\\\application/1603319595301"
# webtalk_add_data -client sdk -key bspid -value "1603317297040" -context "sdk\\\\application/1603319595301"
# webtalk_add_data -client sdk -key newbsp -value "false" -context "sdk\\\\application/1603319595301"
# webtalk_add_data -client sdk -key os -value "standalone" -context "sdk\\\\application/1603319595301"
# webtalk_add_data -client sdk -key apptemplate -value "hello_world" -context "sdk\\\\application/1603319595301"
# webtalk_add_data -client sdk -key RecordType -value "APPCreation" -context "sdk\\\\application/1603319595301"
# webtalk_add_data -client sdk -key LangUsed -value "C" -context "sdk\\\\application/1603319595301"
# webtalk_add_data -client sdk -key Procused -value "ps7_cortexa9" -context "sdk\\\\application/1603319595301"
# webtalk_add_data -client sdk -key uid -value "NA" -context "sdk\\\\bsp/1603321467224"
# webtalk_add_data -client sdk -key RecordType -value "ToolUsage" -context "sdk\\\\bsp/1603321467224"
# webtalk_add_data -client sdk -key BootgenCount -value "0" -context "sdk\\\\bsp/1603321467224"
# webtalk_add_data -client sdk -key DebugCount -value "19" -context "sdk\\\\bsp/1603321467224"
# webtalk_add_data -client sdk -key PerfCount -value "0" -context "sdk\\\\bsp/1603321467224"
# webtalk_add_data -client sdk -key FlashCount -value "0" -context "sdk\\\\bsp/1603321467224"
# webtalk_add_data -client sdk -key CrossTriggCount -value "0" -context "sdk\\\\bsp/1603321467224"
# webtalk_add_data -client sdk -key QemuDebugCount -value "0" -context "sdk\\\\bsp/1603321467224"
# webtalk_transmit -clientid 1431695927 -regid "" -xml C:\\Users\\g1003\\OneDrive\\Desktop\\Tutorial_Files\\accelerator_demo\\accelerator_demo.sdk\\webtalk\\usage_statistics_ext_sdk.xml -html C:\\Users\\g1003\\OneDrive\\Desktop\\Tutorial_Files\\accelerator_demo\\accelerator_demo.sdk\\webtalk\\usage_statistics_ext_sdk.html -wdm C:\\Users\\g1003\\OneDrive\\Desktop\\Tutorial_Files\\accelerator_demo\\accelerator_demo.sdk\\webtalk\\sdk_webtalk.wdm -intro "<H3>SDK Usage Report</H3><BR>"
# webtalk_terminate
INFO: [Common 17-206] Exiting Webtalk at Wed Oct 21 19:04:29 2020...
