Copyright 1986-2019 Xilinx, Inc. All Rights Reserved.
------------------------------------------------------------------------------------
| Tool Version : Vivado v.2019.1 (win64) Build 2552052 Fri May 24 14:49:42 MDT 2019
| Date         : Wed Sep 28 00:19:23 2022
| Host         : DESKTOP-VC6STA9 running 64-bit major release  (build 9200)
| Command      : upgrade_ip
| Device       : xc7z020clg400-1
------------------------------------------------------------------------------------

Upgrade Log for IP 'design_1_pl_rd_bram_0_0'

1. Summary
----------

SUCCESS in the upgrade of design_1_pl_rd_bram_0_0 (xilinx.com:user:pl_rd_bram:1.0) from (Rev. 5) to (Rev. 6)






Copyright 1986-2019 Xilinx, Inc. All Rights Reserved.
------------------------------------------------------------------------------------
| Tool Version : Vivado v.2019.1 (win64) Build 2552052 Fri May 24 14:49:42 MDT 2019
| Date         : Wed Sep 28 00:13:26 2022
| Host         : DESKTOP-VC6STA9 running 64-bit major release  (build 9200)
| Command      : upgrade_ip
| Device       : xc7z020clg400-1
------------------------------------------------------------------------------------

Upgrade Log for IP 'design_1_pl_rd_bram_0_0'

1. Summary
----------

SUCCESS in the upgrade of design_1_pl_rd_bram_0_0 (xilinx.com:user:pl_rd_bram:1.0) from (Rev. 4) to (Rev. 5)

