#-----------------------------------------------------------
# Vivado v2019.1 (64-bit)
# SW Build 2552052 on Fri May 24 14:49:42 MDT 2019
# IP Build 2548770 on Fri May 24 18:01:18 MDT 2019
# Start of session at: Wed Sep 28 10:16:11 2022
# Process ID: 254552
# Current directory: F:/ece527/UIUC-ECE527/mp2/mp2a
# Command line: vivado.exe -gui_launcher_event rodinguilauncherevent247252 F:\ece527\UIUC-ECE527\mp2\mp2a\ece527_mp2_a_base.xpr
# Log file: F:/ece527/UIUC-ECE527/mp2/mp2a/vivado.log
# Journal file: F:/ece527/UIUC-ECE527/mp2/mp2a\vivado.jou
#-----------------------------------------------------------
start_gui
open_project F:/ece527/UIUC-ECE527/mp2/mp2a/ece527_mp2_a_base.xpr
INFO: [Project 1-313] Project file moved from 'D:/Code/UIUC-ECE527/mp2/mp2a' since last save.
Scanning sources...
Finished scanning sources
WARNING: [filemgmt 56-2] IP Repository Path: Could not find the directory 'F:/ece527/UIUC-ECE527/mp2/ip_repo/testip_zdx_1.0', nor could it be found using path 'D:/Code/UIUC-ECE527/mp2/ip_repo/testip_zdx_1.0'.
INFO: [IP_Flow 19-234] Refreshing IP repositories
WARNING: [IP_Flow 19-2248] Failed to load user IP repository 'f:/ece527/UIUC-ECE527/mp2/ip_repo/testip_zdx_1.0'; Can't find the specified path.
If this directory should no longer be in your list of user repositories, go to the IP Settings dialog and remove it.
INFO: [IP_Flow 19-1700] Loaded user IP repository 'f:/ece527/UIUC-ECE527/mp2/mp2a/ece527_mp2_a_base.ipdefs/vivado-library-master_0'.
INFO: [IP_Flow 19-2313] Loaded Vivado IP repository 'E:/vivado2019.1/Vivado/2019.1/data/ip'.
open_project: Time (s): cpu = 00:00:14 ; elapsed = 00:00:08 . Memory (MB): peak = 876.906 ; gain = 195.789
open_bd_design {F:/ece527/UIUC-ECE527/mp2/mp2a/ece527_mp2_a_base.srcs/sources_1/bd/design_1/design_1.bd}
Adding component instance block -- xilinx.com:ip:processing_system7:5.5 - processing_system7_0
Adding component instance block -- digilentinc.com:ip:rgb2dvi:1.4 - rgb2dvi_0
Adding component instance block -- xilinx.com:ip:clk_wiz:6.0 - clk_wiz_0
Adding component instance block -- xilinx.com:ip:xlconstant:1.1 - xlconstant_0
Adding component instance block -- xilinx.com:ip:blk_mem_gen:8.4 - blk_mem_gen_0
Adding component instance block -- xilinx.com:ip:axi_bram_ctrl:4.1 - axi_bram_ctrl_0
Adding component instance block -- xilinx.com:ip:smartconnect:1.0 - axi_smc
Adding component instance block -- xilinx.com:ip:proc_sys_reset:5.0 - rst_ps7_0_100M
Adding component instance block -- xilinx.com:module_ref:rgb_to_rbg:1.0 - rgb_to_rbg
Adding component instance block -- xilinx.com:module_ref:display_controller:1.0 - display_controller_0
Adding component instance block -- xilinx.com:ip:ila:6.2 - ila_0
INFO: [xilinx.com:ip:ila:6.2-6] /ila_0: Xilinx recommends using the System ILA IP in IP Integrator. The System ILA IP is functionally equivalent to an ILA and offers additional benefits in debugging interfaces both within IP Integrator and the Hardware Manager. Consult the Programming and Debug User Guide UG908 for further details.
Successfully read diagram <design_1> from BD file <F:/ece527/UIUC-ECE527/mp2/mp2a/ece527_mp2_a_base.srcs/sources_1/bd/design_1/design_1.bd>
open_bd_design: Time (s): cpu = 00:00:07 ; elapsed = 00:00:06 . Memory (MB): peak = 1153.875 ; gain = 77.762
update_compile_order -fileset sources_1
exit
INFO: [Common 17-206] Exiting Vivado at Wed Sep 28 10:56:24 2022...
