

================================================================
== Vivado HLS Report for 'i_convolution3'
================================================================
* Date:           Sun Oct 30 00:20:25 2022

* Version:        2019.1 (Build 2552052 on Fri May 24 15:28:33 MDT 2019)
* Project:        lenet
* Solution:       solution1
* Product family: zynq
* Target device:  xc7z020-clg400-1


================================================================
== Performance Estimates
================================================================
+ Timing (ns): 
    * Summary: 
    +--------+-------+----------+------------+
    |  Clock | Target| Estimated| Uncertainty|
    +--------+-------+----------+------------+
    |ap_clk  |  10.00|     7.571|        1.25|
    +--------+-------+----------+------------+

+ Latency (clock cycles): 
    * Summary: 
    +---------+---------+---------+---------+---------+
    |      Latency      |      Interval     | Pipeline|
    |   min   |   max   |   min   |   max   |   Type  |
    +---------+---------+---------+---------+---------+
    |  2990753|  2990753|  2990753|  2990753|   none  |
    +---------+---------+---------+---------+---------+

    + Detail: 
        * Instance: 
        N/A

        * Loop: 
        +-----------------------------+---------+---------+----------+-----------+-----------+------+----------+
        |                             |      Latency      | Iteration|  Initiation Interval  | Trip |          |
        |          Loop Name          |   min   |   max   |  Latency |  achieved |   target  | Count| Pipelined|
        +-----------------------------+---------+---------+----------+-----------+-----------+------+----------+
        |- Loop 1                     |  2990752|  2990752|    186922|          -|          -|    16|    no    |
        | + Loop 1.1                  |   186920|   186920|     18692|          -|          -|    10|    no    |
        |  ++ Loop 1.1.1              |    18690|    18690|      1869|          -|          -|    10|    no    |
        |   +++ Loop 1.1.1.1          |     1860|     1860|       372|          -|          -|     5|    no    |
        |    ++++ Loop 1.1.1.1.1      |      370|      370|        74|          -|          -|     5|    no    |
        |     +++++ Loop 1.1.1.1.1.1  |       72|       72|        12|          -|          -|     6|    no    |
        +-----------------------------+---------+---------+----------+-----------+-----------+------+----------+



================================================================
== Utilization Estimates
================================================================
* Summary: 
+-----------------+---------+-------+--------+-------+-----+
|       Name      | BRAM_18K| DSP48E|   FF   |  LUT  | URAM|
+-----------------+---------+-------+--------+-------+-----+
|DSP              |        -|      -|       -|      -|    -|
|Expression       |        -|      -|       0|    374|    -|
|FIFO             |        -|      -|       -|      -|    -|
|Instance         |        -|      5|     348|    711|    -|
|Memory           |        -|      -|       -|      -|    -|
|Multiplexer      |        -|      -|       -|    232|    -|
|Register         |        -|      -|     419|      -|    -|
+-----------------+---------+-------+--------+-------+-----+
|Total            |        0|      5|     767|   1317|    0|
+-----------------+---------+-------+--------+-------+-----+
|Available        |      280|    220|  106400|  53200|    0|
+-----------------+---------+-------+--------+-------+-----+
|Utilization (%)  |        0|      2|   ~0   |      2|    0|
+-----------------+---------+-------+--------+-------+-----+

+ Detail: 
    * Instance: 
    +--------------------------+----------------------+---------+-------+-----+-----+-----+
    |         Instance         |        Module        | BRAM_18K| DSP48E|  FF | LUT | URAM|
    +--------------------------+----------------------+---------+-------+-----+-----+-----+
    |lenet_top_fadd_32bkb_U23  |lenet_top_fadd_32bkb  |        0|      2|  205|  390|    0|
    |lenet_top_fmul_32cud_U24  |lenet_top_fmul_32cud  |        0|      3|  143|  321|    0|
    +--------------------------+----------------------+---------+-------+-----+-----+-----+
    |Total                     |                      |        0|      5|  348|  711|    0|
    +--------------------------+----------------------+---------+-------+-----+-----+-----+

    * DSP48E: 
    N/A

    * Memory: 
    N/A

    * FIFO: 
    N/A

    * Expression: 
    +----------------------+----------+-------+---+----+------------+------------+
    |     Variable Name    | Operation| DSP48E| FF| LUT| Bitwidth P0| Bitwidth P1|
    +----------------------+----------+-------+---+----+------------+------------+
    |add_ln77_1_fu_395_p2  |     +    |      0|  0|  13|           4|           4|
    |add_ln77_2_fu_455_p2  |     +    |      0|  0|  15|           9|           9|
    |add_ln77_3_fu_490_p2  |     +    |      0|  0|  17|          12|          12|
    |add_ln77_4_fu_495_p2  |     +    |      0|  0|  14|          10|          10|
    |add_ln77_5_fu_516_p2  |     +    |      0|  0|  17|          64|          64|
    |add_ln77_6_fu_522_p2  |     +    |      0|  0|  17|          64|          64|
    |add_ln77_7_fu_546_p2  |     +    |      0|  0|  17|          13|          13|
    |add_ln77_8_fu_551_p2  |     +    |      0|  0|  17|          13|          13|
    |add_ln77_fu_365_p2    |     +    |      0|  0|  13|           4|           4|
    |add_ln79_1_fu_302_p2  |     +    |      0|  0|  15|           9|           9|
    |add_ln79_2_fu_327_p2  |     +    |      0|  0|  12|          12|          12|
    |add_ln79_3_fu_565_p2  |     +    |      0|  0|  12|          12|          12|
    |add_ln79_fu_280_p2    |     +    |      0|  0|  15|           9|           9|
    |ci_fu_411_p2          |     +    |      0|  0|  12|           3|           1|
    |co_fu_235_p2          |     +    |      0|  0|  15|           5|           1|
    |h_fu_292_p2           |     +    |      0|  0|  13|           4|           1|
    |m_fu_355_p2           |     +    |      0|  0|  12|           3|           1|
    |n_fu_385_p2           |     +    |      0|  0|  12|           3|           1|
    |w_fu_339_p2           |     +    |      0|  0|  13|           4|           1|
    |sub_ln77_1_fu_445_p2  |     -    |      0|  0|  15|           8|           8|
    |sub_ln77_2_fu_484_p2  |     -    |      0|  0|  17|          12|          12|
    |sub_ln77_fu_270_p2    |     -    |      0|  0|  15|           9|           9|
    |icmp_ln68_fu_229_p2   |   icmp   |      0|  0|  11|           5|           6|
    |icmp_ln69_fu_286_p2   |   icmp   |      0|  0|   9|           4|           4|
    |icmp_ln70_fu_333_p2   |   icmp   |      0|  0|   9|           4|           4|
    |icmp_ln73_fu_349_p2   |   icmp   |      0|  0|   9|           3|           3|
    |icmp_ln75_fu_379_p2   |   icmp   |      0|  0|   9|           3|           3|
    |icmp_ln76_fu_405_p2   |   icmp   |      0|  0|   9|           3|           3|
    +----------------------+----------+-------+---+----+------------+------------+
    |Total                 |          |      0|  0| 374|         308|         293|
    +----------------------+----------+-------+---+----+------------+------------+

    * Multiplexer: 
    +---------------+-----+-----------+-----+-----------+
    |      Name     | LUT | Input Size| Bits| Total Bits|
    +---------------+-----+-----------+-----+-----------+
    |ap_NS_fsm      |  121|         26|    1|         26|
    |ci_0_reg_208   |    9|          2|    3|          6|
    |co_0_reg_115   |    9|          2|    5|         10|
    |grp_fu_219_p0  |   15|          3|   32|         96|
    |grp_fu_219_p1  |   15|          3|   32|         96|
    |h_0_reg_126    |    9|          2|    4|          8|
    |m_0_reg_162    |    9|          2|    3|          6|
    |n_0_reg_185    |    9|          2|    3|          6|
    |sum_0_reg_150  |    9|          2|   32|         64|
    |sum_1_reg_173  |    9|          2|   32|         64|
    |sum_2_reg_196  |    9|          2|   32|         64|
    |w_0_reg_138    |    9|          2|    4|          8|
    +---------------+-----+-----------+-----+-----------+
    |Total          |  232|         50|  183|        454|
    +---------------+-----+-----------+-----+-----------+

    * Register: 
    +----------------------+----+----+-----+-----------+
    |         Name         | FF | LUT| Bits| Const Bits|
    +----------------------+----+----+-----+-----------+
    |add_ln77_3_reg_662    |  12|   0|   12|          0|
    |add_ln79_2_reg_605    |  11|   0|   12|          1|
    |add_ln79_3_reg_712    |  12|   0|   12|          0|
    |add_ln79_reg_587      |   8|   0|    9|          1|
    |ap_CS_fsm             |  25|   0|   25|          0|
    |bias_addr_reg_592     |   4|   0|    4|          0|
    |bias_load_reg_707     |  32|   0|   32|          0|
    |ci_0_reg_208          |   3|   0|    3|          0|
    |ci_reg_657            |   3|   0|    3|          0|
    |co_0_reg_115          |   5|   0|    5|          0|
    |co_reg_577            |   5|   0|    5|          0|
    |h_0_reg_126           |   4|   0|    4|          0|
    |h_reg_600             |   4|   0|    4|          0|
    |input_load_reg_692    |  32|   0|   32|          0|
    |m_0_reg_162           |   3|   0|    3|          0|
    |m_reg_621             |   3|   0|    3|          0|
    |n_0_reg_185           |   3|   0|    3|          0|
    |n_reg_639             |   3|   0|    3|          0|
    |sext_ln77_reg_582     |   9|   0|   10|          1|
    |sum_0_reg_150         |  32|   0|   32|          0|
    |sum_1_reg_173         |  32|   0|   32|          0|
    |sum_2_reg_196         |  32|   0|   32|          0|
    |tmp_5_reg_697         |  32|   0|   32|          0|
    |tmp_reg_717           |  32|   0|   32|          0|
    |trunc_ln77_1_reg_667  |  13|   0|   13|          0|
    |trunc_ln77_2_reg_672  |  11|   0|   11|          0|
    |w_0_reg_138           |   4|   0|    4|          0|
    |w_reg_613             |   4|   0|    4|          0|
    |weights_load_reg_687  |  32|   0|   32|          0|
    |zext_ln75_1_reg_631   |   4|   0|    9|          5|
    |zext_ln76_reg_649     |   4|   0|   12|          8|
    |zext_ln77_1_reg_626   |   3|   0|   64|         61|
    |zext_ln77_4_reg_644   |   3|   0|   13|         10|
    +----------------------+----+----+-----+-----------+
    |Total                 | 419|   0|  506|         87|
    +----------------------+----+----+-----+-----------+



================================================================
== Interface
================================================================
* Summary: 
+-------------------+-----+-----+------------+----------------+--------------+
|     RTL Ports     | Dir | Bits|  Protocol  |  Source Object |    C Type    |
+-------------------+-----+-----+------------+----------------+--------------+
|ap_clk             |  in |    1| ap_ctrl_hs | i_convolution3 | return value |
|ap_rst             |  in |    1| ap_ctrl_hs | i_convolution3 | return value |
|ap_start           |  in |    1| ap_ctrl_hs | i_convolution3 | return value |
|ap_done            | out |    1| ap_ctrl_hs | i_convolution3 | return value |
|ap_idle            | out |    1| ap_ctrl_hs | i_convolution3 | return value |
|ap_ready           | out |    1| ap_ctrl_hs | i_convolution3 | return value |
|input_r_address0   | out |   11|  ap_memory |     input_r    |     array    |
|input_r_ce0        | out |    1|  ap_memory |     input_r    |     array    |
|input_r_q0         |  in |   32|  ap_memory |     input_r    |     array    |
|weights_address0   | out |   12|  ap_memory |     weights    |     array    |
|weights_ce0        | out |    1|  ap_memory |     weights    |     array    |
|weights_q0         |  in |   32|  ap_memory |     weights    |     array    |
|bias_address0      | out |    4|  ap_memory |      bias      |     array    |
|bias_ce0           | out |    1|  ap_memory |      bias      |     array    |
|bias_q0            |  in |   32|  ap_memory |      bias      |     array    |
|output_r_address0  | out |   11|  ap_memory |    output_r    |     array    |
|output_r_ce0       | out |    1|  ap_memory |    output_r    |     array    |
|output_r_we0       | out |    1|  ap_memory |    output_r    |     array    |
|output_r_d0        | out |   32|  ap_memory |    output_r    |     array    |
+-------------------+-----+-----+------------+----------------+--------------+

