

================================================================
== Vivado HLS Report for 'i_relu1'
================================================================
* Date:           Sun Oct 30 00:20:25 2022

* Version:        2019.1 (Build 2552052 on Fri May 24 15:28:33 MDT 2019)
* Project:        lenet
* Solution:       solution1
* Product family: zynq
* Target device:  xc7z020-clg400-1


================================================================
== Performance Estimates
================================================================
+ Timing (ns): 
    * Summary: 
    +--------+-------+----------+------------+
    |  Clock | Target| Estimated| Uncertainty|
    +--------+-------+----------+------------+
    |ap_clk  |  10.00|     8.685|        1.25|
    +--------+-------+----------+------------+

+ Latency (clock cycles): 
    * Summary: 
    +-------+-------+-------+-------+---------+
    |    Latency    |    Interval   | Pipeline|
    |  min  |  max  |  min  |  max  |   Type  |
    +-------+-------+-------+-------+---------+
    |  14461|  14461|  14461|  14461|   none  |
    +-------+-------+-------+-------+---------+

    + Detail: 
        * Instance: 
        N/A

        * Loop: 
        +-----------------+-------+-------+----------+-----------+-----------+------+----------+
        |                 |    Latency    | Iteration|  Initiation Interval  | Trip |          |
        |    Loop Name    |  min  |  max  |  Latency |  achieved |   target  | Count| Pipelined|
        +-----------------+-------+-------+----------+-----------+-----------+------+----------+
        |- Loop 1         |  14460|  14460|      2410|          -|          -|     6|    no    |
        | + Loop 1.1      |   2408|   2408|        86|          -|          -|    28|    no    |
        |  ++ Loop 1.1.1  |     84|     84|         3|          -|          -|    28|    no    |
        +-----------------+-------+-------+----------+-----------+-----------+------+----------+



================================================================
== Utilization Estimates
================================================================
* Summary: 
+-----------------+---------+-------+--------+-------+-----+
|       Name      | BRAM_18K| DSP48E|   FF   |  LUT  | URAM|
+-----------------+---------+-------+--------+-------+-----+
|DSP              |        -|      -|       -|      -|    -|
|Expression       |        -|      -|       0|    173|    -|
|FIFO             |        -|      -|       -|      -|    -|
|Instance         |        -|      0|      66|    239|    -|
|Memory           |        -|      -|       -|      -|    -|
|Multiplexer      |        -|      -|       -|     80|    -|
|Register         |        -|      -|      67|      -|    -|
+-----------------+---------+-------+--------+-------+-----+
|Total            |        0|      0|     133|    492|    0|
+-----------------+---------+-------+--------+-------+-----+
|Available        |      280|    220|  106400|  53200|    0|
+-----------------+---------+-------+--------+-------+-----+
|Utilization (%)  |        0|      0|   ~0   |   ~0  |    0|
+-----------------+---------+-------+--------+-------+-----+

+ Detail: 
    * Instance: 
    +--------------------------+----------------------+---------+-------+----+-----+-----+
    |         Instance         |        Module        | BRAM_18K| DSP48E| FF | LUT | URAM|
    +--------------------------+----------------------+---------+-------+----+-----+-----+
    |lenet_top_fcmp_32dEe_U15  |lenet_top_fcmp_32dEe  |        0|      0|  66|  239|    0|
    +--------------------------+----------------------+---------+-------+----+-----+-----+
    |Total                     |                      |        0|      0|  66|  239|    0|
    +--------------------------+----------------------+---------+-------+----+-----+-----+

    * DSP48E: 
    N/A

    * Memory: 
    N/A

    * FIFO: 
    N/A

    * Expression: 
    +-----------------------+----------+-------+---+----+------------+------------+
    |     Variable Name     | Operation| DSP48E| FF| LUT| Bitwidth P0| Bitwidth P1|
    +-----------------------+----------+-------+---+----+------------+------------+
    |add_ln33_1_fu_210_p2   |     +    |      0|  0|  19|          14|          14|
    |add_ln33_fu_159_p2     |     +    |      0|  0|  14|          10|          10|
    |i_fu_103_p2            |     +    |      0|  0|  12|           3|           1|
    |j_fu_149_p2            |     +    |      0|  0|  15|           5|           1|
    |k_fu_200_p2            |     +    |      0|  0|  15|           5|           1|
    |sub_ln33_1_fu_188_p2   |     -    |      0|  0|  19|          14|          14|
    |sub_ln33_fu_133_p2     |     -    |      0|  0|  15|           9|           9|
    |and_ln33_fu_254_p2     |    and   |      0|  0|   2|           1|           1|
    |icmp_ln30_fu_97_p2     |   icmp   |      0|  0|   9|           3|           3|
    |icmp_ln31_fu_143_p2    |   icmp   |      0|  0|  11|           5|           4|
    |icmp_ln32_fu_194_p2    |   icmp   |      0|  0|  11|           5|           4|
    |icmp_ln33_1_fu_244_p2  |   icmp   |      0|  0|  18|          23|           1|
    |icmp_ln33_fu_238_p2    |   icmp   |      0|  0|  11|           8|           2|
    |or_ln33_fu_250_p2      |    or    |      0|  0|   2|           1|           1|
    +-----------------------+----------+-------+---+----+------------+------------+
    |Total                  |          |      0|  0| 173|         106|          66|
    +-----------------------+----------+-------+---+----+------------+------------+

    * Multiplexer: 
    +------------------+----+-----------+-----+-----------+
    |       Name       | LUT| Input Size| Bits| Total Bits|
    +------------------+----+-----------+-----+-----------+
    |ap_NS_fsm         |  38|          7|    1|          7|
    |i_0_reg_58        |   9|          2|    3|          6|
    |input_r_address0  |  15|          3|   13|         39|
    |j_0_reg_69        |   9|          2|    5|         10|
    |k_0_reg_80        |   9|          2|    5|         10|
    +------------------+----+-----------+-----+-----------+
    |Total             |  80|         16|   27|         72|
    +------------------+----+-----------+-----+-----------+

    * Register: 
    +---------------------+----+----+-----+-----------+
    |         Name        | FF | LUT| Bits| Const Bits|
    +---------------------+----+----+-----+-----------+
    |ap_CS_fsm            |   6|   0|    6|          0|
    |i_0_reg_58           |   3|   0|    3|          0|
    |i_reg_263            |   3|   0|    3|          0|
    |icmp_ln33_1_reg_309  |   1|   0|    1|          0|
    |icmp_ln33_reg_304    |   1|   0|    1|          0|
    |input_addr_reg_294   |  13|   0|   13|          0|
    |j_0_reg_69           |   5|   0|    5|          0|
    |j_reg_276            |   5|   0|    5|          0|
    |k_0_reg_80           |   5|   0|    5|          0|
    |k_reg_289            |   5|   0|    5|          0|
    |sext_ln33_reg_268    |   8|   0|   10|          2|
    |sub_ln33_1_reg_281   |  12|   0|   14|          2|
    +---------------------+----+----+-----+-----------+
    |Total                |  67|   0|   71|          4|
    +---------------------+----+----+-----+-----------+



================================================================
== Interface
================================================================
* Summary: 
+------------------+-----+-----+------------+--------------+--------------+
|     RTL Ports    | Dir | Bits|  Protocol  | Source Object|    C Type    |
+------------------+-----+-----+------------+--------------+--------------+
|ap_clk            |  in |    1| ap_ctrl_hs |    i_relu1   | return value |
|ap_rst            |  in |    1| ap_ctrl_hs |    i_relu1   | return value |
|ap_start          |  in |    1| ap_ctrl_hs |    i_relu1   | return value |
|ap_done           | out |    1| ap_ctrl_hs |    i_relu1   | return value |
|ap_idle           | out |    1| ap_ctrl_hs |    i_relu1   | return value |
|ap_ready          | out |    1| ap_ctrl_hs |    i_relu1   | return value |
|input_r_address0  | out |   13|  ap_memory |    input_r   |     array    |
|input_r_ce0       | out |    1|  ap_memory |    input_r   |     array    |
|input_r_we0       | out |    1|  ap_memory |    input_r   |     array    |
|input_r_d0        | out |   32|  ap_memory |    input_r   |     array    |
|input_r_q0        |  in |   32|  ap_memory |    input_r   |     array    |
+------------------+-----+-----+------------+--------------+--------------+

