

================================================================
== Vivado HLS Report for 'lenet_top'
================================================================
* Date:           Sun Oct 30 00:20:27 2022

* Version:        2019.1 (Build 2552052 on Fri May 24 15:28:33 MDT 2019)
* Project:        lenet
* Solution:       solution1
* Product family: zynq
* Target device:  xc7z020-clg400-1


================================================================
== Performance Estimates
================================================================
+ Timing (ns): 
    * Summary: 
    +--------+-------+----------+------------+
    |  Clock | Target| Estimated| Uncertainty|
    +--------+-------+----------+------------+
    |ap_clk  |  10.00|     8.685|        1.25|
    +--------+-------+----------+------------+

+ Latency (clock cycles): 
    * Summary: 
    +---------+---------+---------+---------+---------+
    |      Latency      |      Interval     | Pipeline|
    |   min   |   max   |   min   |   max   |   Type  |
    +---------+---------+---------+---------+---------+
    |  5149662|  5149662|  5149662|  5149662|   none  |
    +---------+---------+---------+---------+---------+

    + Detail: 
        * Instance: 
        +---------------------------+----------------+---------+---------+---------+---------+---------+
        |                           |                |      Latency      |      Interval     | Pipeline|
        |          Instance         |     Module     |   min   |   max   |   min   |   max   |   Type  |
        +---------------------------+----------------+---------+---------+---------+---------+---------+
        |grp_i_convolution3_fu_561  |i_convolution3  |  2990753|  2990753|  2990753|  2990753|   none  |
        |grp_i_convolution5_fu_569  |i_convolution5  |   584281|   584281|   584281|   584281|   none  |
        |grp_i_convolution1_fu_577  |i_convolution1  |  1383325|  1383325|  1383325|  1383325|   none  |
        |grp_i_max_pooling2_fu_585  |i_max_pooling2  |    21349|    21349|    21349|    21349|   none  |
        |grp_i_max_pooling4_fu_591  |i_max_pooling4  |     7393|     7393|     7393|     7393|   none  |
        |grp_i_relu1_fu_597         |i_relu1         |    14461|    14461|    14461|    14461|   none  |
        |grp_i_relu3_fu_602         |i_relu3         |     5153|     5153|     5153|     5153|   none  |
        |grp_i_relu4_fu_607         |i_relu4         |     1393|     1393|     1393|     1393|   none  |
        |grp_i_relu2_fu_612         |i_relu2         |     3709|     3709|     3709|     3709|   none  |
        |grp_ld_weights5_fu_617     |ld_weights5     |   119281|   119281|   119281|   119281|   none  |
        |grp_ld_weights3_fu_624     |ld_weights3     |     5985|     5985|     5985|     5985|   none  |
        |grp_ld_weights1_fu_631     |ld_weights1     |      373|      373|      373|      373|   none  |
        +---------------------------+----------------+---------+---------+---------+---------+---------+

        * Loop: 
        +-------------+-------+-------+----------+-----------+-----------+------+----------+
        |             |    Latency    | Iteration|  Initiation Interval  | Trip |          |
        |  Loop Name  |  min  |  max  |  Latency |  achieved |   target  | Count| Pipelined|
        +-------------+-------+-------+----------+-----------+-----------+------+----------+
        |- Loop 1     |   2112|   2112|        66|          -|          -|    32|    no    |
        | + Loop 1.1  |     64|     64|         2|          -|          -|    32|    no    |
        |- Loop 2     |   2420|   2420|       242|          -|          -|    10|    no    |
        | + Loop 2.1  |    240|    240|         2|          -|          -|   120|    no    |
        |- Loop 3     |     12|     12|         2|          -|          -|     6|    no    |
        |- Loop 4     |     32|     32|         2|          -|          -|    16|    no    |
        |- Loop 5     |    240|    240|         2|          -|          -|   120|    no    |
        |- Loop 6     |     20|     20|         2|          -|          -|    10|    no    |
        |- Loop 7     |    360|    360|         3|          -|          -|   120|    no    |
        |- Loop 8     |  13290|  13290|      1329|          -|          -|    10|    no    |
        | + Loop 8.1  |   1320|   1320|        11|          -|          -|   120|    no    |
        |- Loop 9     |     30|     30|         3|          -|          -|    10|    no    |
        |- Loop 10    |     20|     20|         2|          -|          -|    10|    no    |
        +-------------+-------+-------+----------+-----------+-----------+------+----------+



================================================================
== Utilization Estimates
================================================================
* Summary: 
+-----------------+---------+-------+--------+-------+-----+
|       Name      | BRAM_18K| DSP48E|   FF   |  LUT  | URAM|
+-----------------+---------+-------+--------+-------+-----+
|DSP              |        -|      -|       -|      -|    -|
|Expression       |        -|      -|       0|    441|    -|
|FIFO             |        -|      -|       -|      -|    -|
|Instance         |        -|     20|    3931|   8839|    -|
|Memory           |      170|      -|     256|     21|    0|
|Multiplexer      |        -|      -|       -|   1086|    -|
|Register         |        -|      -|     546|      -|    -|
+-----------------+---------+-------+--------+-------+-----+
|Total            |      170|     20|    4733|  10387|    0|
+-----------------+---------+-------+--------+-------+-----+
|Available        |      280|    220|  106400|  53200|    0|
+-----------------+---------+-------+--------+-------+-----+
|Utilization (%)  |       60|      9|       4|     19|    0|
+-----------------+---------+-------+--------+-------+-----+

+ Detail: 
    * Instance: 
    +---------------------------+----------------------+---------+-------+-----+------+-----+
    |          Instance         |        Module        | BRAM_18K| DSP48E|  FF |  LUT | URAM|
    +---------------------------+----------------------+---------+-------+-----+------+-----+
    |grp_i_convolution1_fu_577  |i_convolution1        |        0|      5|  690|  1189|    0|
    |grp_i_convolution3_fu_561  |i_convolution3        |        0|      5|  767|  1317|    0|
    |grp_i_convolution5_fu_569  |i_convolution5        |        0|      5|  731|  1159|    0|
    |grp_i_max_pooling2_fu_585  |i_max_pooling2        |        0|      0|  247|   698|    0|
    |grp_i_max_pooling4_fu_591  |i_max_pooling4        |        0|      0|  243|   688|    0|
    |grp_i_relu1_fu_597         |i_relu1               |        0|      0|  133|   492|    0|
    |grp_i_relu2_fu_612         |i_relu2               |        0|      0|  126|   471|    0|
    |grp_i_relu3_fu_602         |i_relu3               |        0|      0|  130|   476|    0|
    |grp_i_relu4_fu_607         |i_relu4               |        0|      0|  123|   478|    0|
    |grp_ld_weights1_fu_631     |ld_weights1           |        0|      0|   47|   183|    0|
    |grp_ld_weights3_fu_624     |ld_weights3           |        0|      0|  133|   368|    0|
    |grp_ld_weights5_fu_617     |ld_weights5           |        0|      0|  147|   370|    0|
    |lenet_top_fadd_32bkb_U42   |lenet_top_fadd_32bkb  |        0|      2|  205|   390|    0|
    |lenet_top_fcmp_32dEe_U44   |lenet_top_fcmp_32dEe  |        0|      0|   66|   239|    0|
    |lenet_top_fmul_32cud_U43   |lenet_top_fmul_32cud  |        0|      3|  143|   321|    0|
    +---------------------------+----------------------+---------+-------+-----+------+-----+
    |Total                      |                      |        0|     20| 3931|  8839|    0|
    +---------------------------+----------------------+---------+-------+-----+------+-----+

    * DSP48E: 
    N/A

    * Memory: 
    +--------------------+----------------------+---------+----+----+-----+-------+-----+------+-------------+
    |       Memory       |        Module        | BRAM_18K| FF | LUT| URAM| Words | Bits| Banks| W*Bits*Banks|
    +--------------------+----------------------+---------+----+----+-----+-------+-----+------+-------------+
    |bias1_buf_U         |lenet_top_bias1_buf   |        0|  64|   3|    0|      6|   32|     1|          192|
    |bias3_buf_U         |lenet_top_bias3_buf   |        0|  64|   8|    0|     16|   32|     1|          512|
    |bias5_buf_U         |lenet_top_bias5_buf   |        1|   0|   0|    0|    120|   32|     1|         3840|
    |input6_inter_0_0_U  |lenet_top_bias5_buf   |        1|   0|   0|    0|    120|   32|     1|         3840|
    |bias6_buf_U         |lenet_top_bias6_buf   |        0|  64|   5|    0|     10|   32|     1|          320|
    |output_buf_U        |lenet_top_bias6_buf   |        0|  64|   5|    0|     10|   32|     1|          320|
    |input2_inter_U      |lenet_top_input2_kbM  |       16|   0|   0|    0|   4704|   32|     1|       150528|
    |input3_inter_U      |lenet_top_input3_lbW  |        4|   0|   0|    0|   1176|   32|     1|        37632|
    |input4_inter_U      |lenet_top_input4_mb6  |        4|   0|   0|    0|   1600|   32|     1|        51200|
    |input5_inter_U      |lenet_top_input5_ncg  |        1|   0|   0|    0|    400|   32|     1|        12800|
    |input_buf_0_U       |lenet_top_input_beOg  |        2|   0|   0|    0|   1024|   32|     1|        32768|
    |weights1_buf_0_U    |lenet_top_weightsfYi  |        1|   0|   0|    0|    150|   32|     1|         4800|
    |weights3_buf_U      |lenet_top_weightsg8j  |        8|   0|   0|    0|   2400|   32|     1|        76800|
    |weights5_buf_U      |lenet_top_weightshbi  |      128|   0|   0|    0|  48000|   32|     1|      1536000|
    |weights6_buf_0_0_U  |lenet_top_weightsibs  |        4|   0|   0|    0|   1200|   32|     1|        38400|
    +--------------------+----------------------+---------+----+----+-----+-------+-----+------+-------------+
    |Total               |                      |      170| 256|  21|    0|  60936|  480|    15|      1949952|
    +--------------------+----------------------+---------+----+----+-----+-------+-----+------+-------------+

    * FIFO: 
    N/A

    * Expression: 
    +---------------------------------+----------+-------+---+----+------------+------------+
    |          Variable Name          | Operation| DSP48E| FF| LUT| Bitwidth P0| Bitwidth P1|
    +---------------------------------+----------+-------+---+----+------------+------------+
    |add_ln154_fu_971_p2              |     +    |      0|  0|  12|          12|          12|
    |add_ln173_fu_700_p2              |     +    |      0|  0|  12|          12|          12|
    |add_ln215_fu_768_p2              |     +    |      0|  0|  12|          12|          12|
    |c_fu_956_p2                      |     +    |      0|  0|  15|           7|           1|
    |i_10_fu_801_p2                   |     +    |      0|  0|  15|           5|           1|
    |i_11_fu_818_p2                   |     +    |      0|  0|  15|           7|           1|
    |i_12_fu_835_p2                   |     +    |      0|  0|  13|           4|           1|
    |i_13_fu_852_p2                   |     +    |      0|  0|  15|           7|           1|
    |i_14_fu_987_p2                   |     +    |      0|  0|  13|           4|           1|
    |i_15_fu_1044_p2                  |     +    |      0|  0|  13|           4|           1|
    |i_2_fu_716_p2                    |     +    |      0|  0|  13|           4|           1|
    |i_9_fu_784_p2                    |     +    |      0|  0|  12|           3|           1|
    |i_fu_666_p2                      |     +    |      0|  0|  15|           6|           1|
    |j_1_fu_758_p2                    |     +    |      0|  0|  15|           7|           1|
    |j_fu_690_p2                      |     +    |      0|  0|  15|           6|           1|
    |n_fu_909_p2                      |     +    |      0|  0|  13|           4|           1|
    |sub_ln154_fu_944_p2              |     -    |      0|  0|  12|          12|          12|
    |sub_ln215_fu_746_p2              |     -    |      0|  0|  12|          12|          12|
    |and_ln142_fu_897_p2              |    and   |      0|  0|   2|           1|           1|
    |and_ln164_fu_1032_p2             |    and   |      0|  0|   2|           1|           1|
    |icmp_ln141_fu_846_p2             |   icmp   |      0|  0|  11|           7|           5|
    |icmp_ln142_1_fu_887_p2           |   icmp   |      0|  0|  18|          23|           1|
    |icmp_ln142_fu_881_p2             |   icmp   |      0|  0|  11|           8|           2|
    |icmp_ln149_fu_903_p2             |   icmp   |      0|  0|   9|           4|           4|
    |icmp_ln152_fu_950_p2             |   icmp   |      0|  0|  11|           7|           5|
    |icmp_ln163_fu_981_p2             |   icmp   |      0|  0|   9|           4|           4|
    |icmp_ln164_1_fu_1022_p2          |   icmp   |      0|  0|  18|          23|           1|
    |icmp_ln164_fu_1016_p2            |   icmp   |      0|  0|  11|           8|           2|
    |icmp_ln171_fu_660_p2             |   icmp   |      0|  0|  11|           6|           7|
    |icmp_ln172_fu_684_p2             |   icmp   |      0|  0|  11|           6|           7|
    |icmp_ln213_fu_710_p2             |   icmp   |      0|  0|   9|           4|           4|
    |icmp_ln214_fu_752_p2             |   icmp   |      0|  0|  11|           7|           5|
    |icmp_ln221_fu_778_p2             |   icmp   |      0|  0|   9|           3|           3|
    |icmp_ln227_fu_795_p2             |   icmp   |      0|  0|  11|           5|           6|
    |icmp_ln233_fu_812_p2             |   icmp   |      0|  0|  11|           7|           5|
    |icmp_ln239_fu_829_p2             |   icmp   |      0|  0|   9|           4|           4|
    |icmp_ln245_fu_1038_p2            |   icmp   |      0|  0|   9|           4|           4|
    |ap_block_state5_on_subcall_done  |    or    |      0|  0|   2|           1|           1|
    |or_ln142_fu_893_p2               |    or    |      0|  0|   2|           1|           1|
    |or_ln164_fu_1028_p2              |    or    |      0|  0|   2|           1|           1|
    +---------------------------------+----------+-------+---+----+------------+------------+
    |Total                            |          |      0|  0| 441|         263|         147|
    +---------------------------------+----------+-------+---+----+------------+------------+

    * Multiplexer: 
    +---------------------------+-----+-----------+-----+-----------+
    |            Name           | LUT | Input Size| Bits| Total Bits|
    +---------------------------+-----+-----------+-----+-----------+
    |ap_NS_fsm                  |  261|         61|    1|         61|
    |bias1_buf_address0         |   15|          3|    3|          9|
    |bias1_buf_ce0              |   15|          3|    1|          3|
    |bias3_buf_address0         |   15|          3|    4|         12|
    |bias3_buf_ce0              |   15|          3|    1|          3|
    |bias5_buf_address0         |   15|          3|    7|         21|
    |bias5_buf_ce0              |   15|          3|    1|          3|
    |bias6_buf_address0         |   15|          3|    4|         12|
    |c_0_i_reg_528              |    9|          2|    7|         14|
    |empty_14_reg_516           |    9|          2|   32|         64|
    |grp_fu_638_p1              |   15|          3|   32|         96|
    |grp_fu_647_p0              |   15|          3|   32|         96|
    |i_0_i10_reg_428            |    9|          2|    4|          8|
    |i_0_i16_reg_450            |    9|          2|    3|          6|
    |i_0_i18_reg_461            |    9|          2|    5|         10|
    |i_0_i20_reg_472            |    9|          2|    7|         14|
    |i_0_i22_reg_483            |    9|          2|    4|          8|
    |i_0_i24_reg_494            |    9|          2|    7|         14|
    |i_0_i29_reg_539            |    9|          2|    4|          8|
    |i_0_i35_reg_550            |    9|          2|    4|          8|
    |i_0_i_reg_406              |    9|          2|    6|         12|
    |input2_inter_address0      |   21|          4|   13|         52|
    |input2_inter_ce0           |   21|          4|    1|          4|
    |input2_inter_d0            |   15|          3|   32|         96|
    |input2_inter_we0           |   15|          3|    1|          3|
    |input3_inter_address0      |   21|          4|   11|         44|
    |input3_inter_ce0           |   21|          4|    1|          4|
    |input3_inter_d0            |   15|          3|   32|         96|
    |input3_inter_we0           |   15|          3|    1|          3|
    |input4_inter_address0      |   21|          4|   11|         44|
    |input4_inter_ce0           |   21|          4|    1|          4|
    |input4_inter_d0            |   15|          3|   32|         96|
    |input4_inter_we0           |   15|          3|    1|          3|
    |input5_inter_address0      |   21|          4|    9|         36|
    |input5_inter_ce0           |   21|          4|    1|          4|
    |input5_inter_d0            |   15|          3|   32|         96|
    |input5_inter_we0           |   15|          3|    1|          3|
    |input6_inter_0_0_address0  |   27|          5|    7|         35|
    |input6_inter_0_0_ce0       |   15|          3|    1|          3|
    |input6_inter_0_0_d0        |   15|          3|   32|         96|
    |input6_inter_0_0_we0       |   15|          3|    1|          3|
    |input_buf_0_address0       |   15|          3|   10|         30|
    |input_buf_0_ce0            |   15|          3|    1|          3|
    |j_0_i12_reg_439            |    9|          2|    7|         14|
    |j_0_i_reg_417              |    9|          2|    6|         12|
    |n_0_i_reg_505              |    9|          2|    4|          8|
    |output_buf_address0        |   27|          5|    4|         20|
    |output_buf_d0              |   15|          3|   32|         96|
    |weights1_buf_0_address0    |   15|          3|    8|         24|
    |weights1_buf_0_ce0         |   15|          3|    1|          3|
    |weights1_buf_0_we0         |    9|          2|    1|          2|
    |weights3_buf_address0      |   15|          3|   12|         36|
    |weights3_buf_ce0           |   15|          3|    1|          3|
    |weights3_buf_we0           |    9|          2|    1|          2|
    |weights5_buf_address0      |   15|          3|   16|         48|
    |weights5_buf_ce0           |   15|          3|    1|          3|
    |weights5_buf_we0           |    9|          2|    1|          2|
    |weights6_buf_0_0_address0  |   15|          3|   11|         33|
    +---------------------------+-----+-----------+-----+-----------+
    |Total                      | 1086|        227|  507|       1546|
    +---------------------------+-----+-----------+-----+-----------+

    * Register: 
    +----------------------------------------+----+----+-----+-----------+
    |                  Name                  | FF | LUT| Bits| Const Bits|
    +----------------------------------------+----+----+-----+-----------+
    |ap_CS_fsm                               |  60|   0|   60|          0|
    |bias6_buf_load_reg_1276                 |  32|   0|   32|          0|
    |c_0_i_reg_528                           |   7|   0|    7|          0|
    |c_reg_1241                              |   7|   0|    7|          0|
    |empty_14_reg_516                        |  32|   0|   32|          0|
    |grp_i_convolution1_fu_577_ap_start_reg  |   1|   0|    1|          0|
    |grp_i_convolution3_fu_561_ap_start_reg  |   1|   0|    1|          0|
    |grp_i_convolution5_fu_569_ap_start_reg  |   1|   0|    1|          0|
    |grp_i_max_pooling2_fu_585_ap_start_reg  |   1|   0|    1|          0|
    |grp_i_max_pooling4_fu_591_ap_start_reg  |   1|   0|    1|          0|
    |grp_i_relu1_fu_597_ap_start_reg         |   1|   0|    1|          0|
    |grp_i_relu2_fu_612_ap_start_reg         |   1|   0|    1|          0|
    |grp_i_relu3_fu_602_ap_start_reg         |   1|   0|    1|          0|
    |grp_i_relu4_fu_607_ap_start_reg         |   1|   0|    1|          0|
    |grp_ld_weights1_fu_631_ap_start_reg     |   1|   0|    1|          0|
    |grp_ld_weights3_fu_624_ap_start_reg     |   1|   0|    1|          0|
    |grp_ld_weights5_fu_617_ap_start_reg     |   1|   0|    1|          0|
    |i_0_i10_reg_428                         |   4|   0|    4|          0|
    |i_0_i16_reg_450                         |   3|   0|    3|          0|
    |i_0_i18_reg_461                         |   5|   0|    5|          0|
    |i_0_i20_reg_472                         |   7|   0|    7|          0|
    |i_0_i22_reg_483                         |   4|   0|    4|          0|
    |i_0_i24_reg_494                         |   7|   0|    7|          0|
    |i_0_i29_reg_539                         |   4|   0|    4|          0|
    |i_0_i35_reg_550                         |   4|   0|    4|          0|
    |i_0_i_reg_406                           |   6|   0|    6|          0|
    |i_10_reg_1138                           |   5|   0|    5|          0|
    |i_11_reg_1156                           |   7|   0|    7|          0|
    |i_12_reg_1174                           |   4|   0|    4|          0|
    |i_13_reg_1192                           |   7|   0|    7|          0|
    |i_14_reg_1289                           |   4|   0|    4|          0|
    |i_15_reg_1320                           |   4|   0|    4|          0|
    |i_2_reg_1089                            |   4|   0|    4|          0|
    |i_9_reg_1120                            |   3|   0|    3|          0|
    |i_reg_1058                              |   6|   0|    6|          0|
    |icmp_ln142_1_reg_1207                   |   1|   0|    1|          0|
    |icmp_ln142_reg_1202                     |   1|   0|    1|          0|
    |icmp_ln164_1_reg_1309                   |   1|   0|    1|          0|
    |icmp_ln164_reg_1304                     |   1|   0|    1|          0|
    |input6_inter_0_0_a_reg_1197             |   7|   0|    7|          0|
    |j_0_i12_reg_439                         |   7|   0|    7|          0|
    |j_0_i_reg_417                           |   6|   0|    6|          0|
    |j_1_reg_1102                            |   7|   0|    7|          0|
    |j_reg_1071                              |   6|   0|    6|          0|
    |n_0_i_reg_505                           |   4|   0|    4|          0|
    |n_reg_1218                              |   4|   0|    4|          0|
    |output_buf_addr_1_reg_1294              |   4|   0|    4|          0|
    |output_buf_addr_reg_1233                |   4|   0|    4|          0|
    |reg_654                                 |  32|   0|   32|          0|
    |sext_ln215_reg_1107                     |  64|   0|   64|          0|
    |sub_ln154_reg_1228                      |   9|   0|   12|          3|
    |sub_ln215_reg_1094                      |   9|   0|   12|          3|
    |tmp_1_i_reg_1266                        |  32|   0|   32|          0|
    |tmp_i2_reg_1281                         |  32|   0|   32|          0|
    |weights6_buf_0_0_l_reg_1261             |  32|   0|   32|          0|
    |zext_ln151_reg_1223                     |   4|   0|   64|         60|
    |zext_ln172_reg_1063                     |   6|   0|   12|          6|
    |zext_ln173_1_reg_1076                   |  12|   0|   64|         52|
    |zext_ln222_reg_1125                     |   3|   0|   64|         61|
    |zext_ln228_reg_1143                     |   5|   0|   64|         59|
    |zext_ln234_reg_1161                     |   7|   0|   64|         57|
    |zext_ln240_reg_1179                     |   4|   0|   64|         60|
    |zext_ln246_reg_1325                     |   4|   0|   64|         60|
    +----------------------------------------+----+----+-----+-----------+
    |Total                                   | 546|   0|  967|        421|
    +----------------------------------------+----+----+-----+-----------+



================================================================
== Interface
================================================================
* Summary: 
+-------------------+-----+-----+------------+--------------+--------------+
|     RTL Ports     | Dir | Bits|  Protocol  | Source Object|    C Type    |
+-------------------+-----+-----+------------+--------------+--------------+
|ap_clk             |  in |    1| ap_ctrl_hs |   lenet_top  | return value |
|ap_rst             |  in |    1| ap_ctrl_hs |   lenet_top  | return value |
|ap_start           |  in |    1| ap_ctrl_hs |   lenet_top  | return value |
|ap_done            | out |    1| ap_ctrl_hs |   lenet_top  | return value |
|ap_idle            | out |    1| ap_ctrl_hs |   lenet_top  | return value |
|ap_ready           | out |    1| ap_ctrl_hs |   lenet_top  | return value |
|ap_return          | out |   32| ap_ctrl_hs |   lenet_top  | return value |
|input_r_address0   | out |   10|  ap_memory |    input_r   |     array    |
|input_r_ce0        | out |    1|  ap_memory |    input_r   |     array    |
|input_r_q0         |  in |   32|  ap_memory |    input_r   |     array    |
|weights1_address0  | out |    8|  ap_memory |   weights1   |     array    |
|weights1_ce0       | out |    1|  ap_memory |   weights1   |     array    |
|weights1_q0        |  in |   32|  ap_memory |   weights1   |     array    |
|bias1_address0     | out |    3|  ap_memory |     bias1    |     array    |
|bias1_ce0          | out |    1|  ap_memory |     bias1    |     array    |
|bias1_q0           |  in |   32|  ap_memory |     bias1    |     array    |
|weights3_address0  | out |   12|  ap_memory |   weights3   |     array    |
|weights3_ce0       | out |    1|  ap_memory |   weights3   |     array    |
|weights3_q0        |  in |   32|  ap_memory |   weights3   |     array    |
|bias3_address0     | out |    4|  ap_memory |     bias3    |     array    |
|bias3_ce0          | out |    1|  ap_memory |     bias3    |     array    |
|bias3_q0           |  in |   32|  ap_memory |     bias3    |     array    |
|weights5_address0  | out |   16|  ap_memory |   weights5   |     array    |
|weights5_ce0       | out |    1|  ap_memory |   weights5   |     array    |
|weights5_q0        |  in |   32|  ap_memory |   weights5   |     array    |
|bias5_address0     | out |    7|  ap_memory |     bias5    |     array    |
|bias5_ce0          | out |    1|  ap_memory |     bias5    |     array    |
|bias5_q0           |  in |   32|  ap_memory |     bias5    |     array    |
|weights6_address0  | out |   11|  ap_memory |   weights6   |     array    |
|weights6_ce0       | out |    1|  ap_memory |   weights6   |     array    |
|weights6_q0        |  in |   32|  ap_memory |   weights6   |     array    |
|bias6_address0     | out |    4|  ap_memory |     bias6    |     array    |
|bias6_ce0          | out |    1|  ap_memory |     bias6    |     array    |
|bias6_q0           |  in |   32|  ap_memory |     bias6    |     array    |
|output_r_address0  | out |    4|  ap_memory |   output_r   |     array    |
|output_r_ce0       | out |    1|  ap_memory |   output_r   |     array    |
|output_r_we0       | out |    1|  ap_memory |   output_r   |     array    |
|output_r_d0        | out |   32|  ap_memory |   output_r   |     array    |
+-------------------+-----+-----+------------+--------------+--------------+

