13:26:28 INFO  : Registering command handlers for SDK TCF services
13:26:29 INFO  : Launching XSCT server: xsct.bat -interactive C:\Workspace\ece527_mp2_a_base\ece527_mp2_a_base.sdk\temp_xsdb_launch_script.tcl
13:26:31 INFO  : XSCT server has started successfully.
13:26:31 INFO  : Successfully done setting XSCT server connection channel  
13:26:33 INFO  : Processing command line option -hwspec C:/Workspace/ece527_mp2_a_base/ece527_mp2_a_base.sdk/design_1_wrapper.hdf.
13:26:33 INFO  : Successfully done setting SDK workspace  
13:28:30 INFO  : 'targets -set -filter {jtag_cable_name =~ "Xilinx TUL 1234-tulA" && level==0} -index 1' command is executed.
13:28:30 INFO  : 'fpga -state' command is executed.
13:28:30 INFO  : Connected to target on host '127.0.0.1' and port '3121'.
13:28:30 INFO  : Jtag cable 'Xilinx TUL 1234-tulA' is selected.
13:28:30 INFO  : 'jtag frequency' command is executed.
13:28:30 INFO  : Sourcing of 'C:/Workspace/ece527_mp2_a_base/ece527_mp2_a_base.sdk/design_1_wrapper_hw_platform_0/ps7_init.tcl' is done.
13:28:30 INFO  : Context for 'APU' is selected.
13:28:30 INFO  : Hardware design information is loaded from 'C:/Workspace/ece527_mp2_a_base/ece527_mp2_a_base.sdk/design_1_wrapper_hw_platform_0/system.hdf'.
13:28:30 INFO  : 'configparams force-mem-access 1' command is executed.
13:28:30 INFO  : Context for 'APU' is selected.
13:28:30 INFO  : 'stop' command is executed.
13:28:31 INFO  : 'ps7_init' command is executed.
13:28:31 INFO  : 'ps7_post_config' command is executed.
13:28:31 INFO  : Context for processor 'ps7_cortexa9_0' is selected.
13:28:31 INFO  : Processor reset is completed for 'ps7_cortexa9_0'.
13:28:31 INFO  : Context for processor 'ps7_cortexa9_0' is selected.
13:28:31 INFO  : The application 'C:/Workspace/ece527_mp2_a_base/ece527_mp2_a_base.sdk/hello_world/Debug/hello_world.elf' is downloaded to processor 'ps7_cortexa9_0'.
13:28:31 INFO  : 'configparams force-mem-access 0' command is executed.
13:28:31 INFO  : ----------------XSDB Script----------------
connect -url tcp:127.0.0.1:3121
source C:/Workspace/ece527_mp2_a_base/ece527_mp2_a_base.sdk/design_1_wrapper_hw_platform_0/ps7_init.tcl
targets -set -nocase -filter {name =~"APU*" && jtag_cable_name =~ "Xilinx TUL 1234-tulA"} -index 0
loadhw -hw C:/Workspace/ece527_mp2_a_base/ece527_mp2_a_base.sdk/design_1_wrapper_hw_platform_0/system.hdf -mem-ranges [list {0x40000000 0xbfffffff}]
configparams force-mem-access 1
targets -set -nocase -filter {name =~"APU*" && jtag_cable_name =~ "Xilinx TUL 1234-tulA"} -index 0
stop
ps7_init
ps7_post_config
targets -set -nocase -filter {name =~ "ARM*#0" && jtag_cable_name =~ "Xilinx TUL 1234-tulA"} -index 0
rst -processor
targets -set -nocase -filter {name =~ "ARM*#0" && jtag_cable_name =~ "Xilinx TUL 1234-tulA"} -index 0
dow C:/Workspace/ece527_mp2_a_base/ece527_mp2_a_base.sdk/hello_world/Debug/hello_world.elf
configparams force-mem-access 0
----------------End of Script----------------

13:28:31 INFO  : Memory regions updated for context APU
13:28:31 INFO  : Context for processor 'ps7_cortexa9_0' is selected.
13:28:31 INFO  : 'con' command is executed.
13:28:31 INFO  : ----------------XSDB Script (After Launch)----------------
targets -set -nocase -filter {name =~ "ARM*#0" && jtag_cable_name =~ "Xilinx TUL 1234-tulA"} -index 0
con
----------------End of Script----------------

13:28:31 INFO  : Launch script is exported to file 'C:\Workspace\ece527_mp2_a_base\ece527_mp2_a_base.sdk\.sdk\launch_scripts\xilinx_c-c++_application_(system_debugger)\system_debugger_using_debug_hello_world.elf_on_local.tcl'
13:29:44 INFO  : Disconnected from the channel tcfchan#1.
13:29:46 INFO  : 'targets -set -filter {jtag_cable_name =~ "Xilinx TUL 1234-tulA" && level==0} -index 1' command is executed.
13:29:46 INFO  : 'fpga -state' command is executed.
13:29:46 INFO  : Connected to target on host '127.0.0.1' and port '3121'.
13:29:46 INFO  : Jtag cable 'Xilinx TUL 1234-tulA' is selected.
13:29:46 INFO  : 'jtag frequency' command is executed.
13:29:46 INFO  : Sourcing of 'C:/Workspace/ece527_mp2_a_base/ece527_mp2_a_base.sdk/design_1_wrapper_hw_platform_0/ps7_init.tcl' is done.
13:29:46 INFO  : Context for 'APU' is selected.
13:29:48 INFO  : Hardware design information is loaded from 'C:/Workspace/ece527_mp2_a_base/ece527_mp2_a_base.sdk/design_1_wrapper_hw_platform_0/system.hdf'.
13:29:48 INFO  : 'configparams force-mem-access 1' command is executed.
13:29:48 INFO  : Context for 'APU' is selected.
13:29:48 INFO  : 'stop' command is executed.
13:29:48 INFO  : 'ps7_init' command is executed.
13:29:48 INFO  : 'ps7_post_config' command is executed.
13:29:48 INFO  : Context for processor 'ps7_cortexa9_0' is selected.
13:29:48 INFO  : Processor reset is completed for 'ps7_cortexa9_0'.
13:29:48 INFO  : Context for processor 'ps7_cortexa9_0' is selected.
13:29:48 INFO  : The application 'C:/Workspace/ece527_mp2_a_base/ece527_mp2_a_base.sdk/hello_world/Debug/hello_world.elf' is downloaded to processor 'ps7_cortexa9_0'.
13:29:48 INFO  : 'configparams force-mem-access 0' command is executed.
13:29:48 INFO  : ----------------XSDB Script----------------
connect -url tcp:127.0.0.1:3121
source C:/Workspace/ece527_mp2_a_base/ece527_mp2_a_base.sdk/design_1_wrapper_hw_platform_0/ps7_init.tcl
targets -set -nocase -filter {name =~"APU*" && jtag_cable_name =~ "Xilinx TUL 1234-tulA"} -index 0
loadhw -hw C:/Workspace/ece527_mp2_a_base/ece527_mp2_a_base.sdk/design_1_wrapper_hw_platform_0/system.hdf -mem-ranges [list {0x40000000 0xbfffffff}]
configparams force-mem-access 1
targets -set -nocase -filter {name =~"APU*" && jtag_cable_name =~ "Xilinx TUL 1234-tulA"} -index 0
stop
ps7_init
ps7_post_config
targets -set -nocase -filter {name =~ "ARM*#0" && jtag_cable_name =~ "Xilinx TUL 1234-tulA"} -index 0
rst -processor
targets -set -nocase -filter {name =~ "ARM*#0" && jtag_cable_name =~ "Xilinx TUL 1234-tulA"} -index 0
dow C:/Workspace/ece527_mp2_a_base/ece527_mp2_a_base.sdk/hello_world/Debug/hello_world.elf
configparams force-mem-access 0
----------------End of Script----------------

13:29:48 INFO  : Memory regions updated for context APU
13:29:48 INFO  : Context for processor 'ps7_cortexa9_0' is selected.
13:29:49 INFO  : 'con' command is executed.
13:29:49 INFO  : ----------------XSDB Script (After Launch)----------------
targets -set -nocase -filter {name =~ "ARM*#0" && jtag_cable_name =~ "Xilinx TUL 1234-tulA"} -index 0
con
----------------End of Script----------------

13:29:49 INFO  : Launch script is exported to file 'C:\Workspace\ece527_mp2_a_base\ece527_mp2_a_base.sdk\.sdk\launch_scripts\xilinx_c-c++_application_(system_debugger)\system_debugger_using_debug_hello_world.elf_on_local.tcl'
13:31:00 INFO  : Disconnected from the channel tcfchan#2.
13:31:01 INFO  : 'targets -set -filter {jtag_cable_name =~ "Xilinx TUL 1234-tulA" && level==0} -index 1' command is executed.
13:31:02 INFO  : 'fpga -state' command is executed.
13:31:02 INFO  : Connected to target on host '127.0.0.1' and port '3121'.
13:31:02 INFO  : Jtag cable 'Xilinx TUL 1234-tulA' is selected.
13:31:02 INFO  : 'jtag frequency' command is executed.
13:31:02 INFO  : Sourcing of 'C:/Workspace/ece527_mp2_a_base/ece527_mp2_a_base.sdk/design_1_wrapper_hw_platform_0/ps7_init.tcl' is done.
13:31:02 INFO  : Context for 'APU' is selected.
13:31:04 INFO  : Hardware design information is loaded from 'C:/Workspace/ece527_mp2_a_base/ece527_mp2_a_base.sdk/design_1_wrapper_hw_platform_0/system.hdf'.
13:31:04 INFO  : 'configparams force-mem-access 1' command is executed.
13:31:04 INFO  : Context for 'APU' is selected.
13:31:04 INFO  : 'stop' command is executed.
13:31:04 INFO  : 'ps7_init' command is executed.
13:31:04 INFO  : 'ps7_post_config' command is executed.
13:31:04 INFO  : Context for processor 'ps7_cortexa9_0' is selected.
13:31:04 INFO  : Processor reset is completed for 'ps7_cortexa9_0'.
13:31:04 INFO  : Context for processor 'ps7_cortexa9_0' is selected.
13:31:04 INFO  : The application 'C:/Workspace/ece527_mp2_a_base/ece527_mp2_a_base.sdk/hello_world/Debug/hello_world.elf' is downloaded to processor 'ps7_cortexa9_0'.
13:31:04 INFO  : 'configparams force-mem-access 0' command is executed.
13:31:04 INFO  : ----------------XSDB Script----------------
connect -url tcp:127.0.0.1:3121
source C:/Workspace/ece527_mp2_a_base/ece527_mp2_a_base.sdk/design_1_wrapper_hw_platform_0/ps7_init.tcl
targets -set -nocase -filter {name =~"APU*" && jtag_cable_name =~ "Xilinx TUL 1234-tulA"} -index 0
loadhw -hw C:/Workspace/ece527_mp2_a_base/ece527_mp2_a_base.sdk/design_1_wrapper_hw_platform_0/system.hdf -mem-ranges [list {0x40000000 0xbfffffff}]
configparams force-mem-access 1
targets -set -nocase -filter {name =~"APU*" && jtag_cable_name =~ "Xilinx TUL 1234-tulA"} -index 0
stop
ps7_init
ps7_post_config
targets -set -nocase -filter {name =~ "ARM*#0" && jtag_cable_name =~ "Xilinx TUL 1234-tulA"} -index 0
rst -processor
targets -set -nocase -filter {name =~ "ARM*#0" && jtag_cable_name =~ "Xilinx TUL 1234-tulA"} -index 0
dow C:/Workspace/ece527_mp2_a_base/ece527_mp2_a_base.sdk/hello_world/Debug/hello_world.elf
configparams force-mem-access 0
----------------End of Script----------------

13:31:04 INFO  : Memory regions updated for context APU
13:31:04 INFO  : Context for processor 'ps7_cortexa9_0' is selected.
13:31:04 INFO  : 'con' command is executed.
13:31:04 INFO  : ----------------XSDB Script (After Launch)----------------
targets -set -nocase -filter {name =~ "ARM*#0" && jtag_cable_name =~ "Xilinx TUL 1234-tulA"} -index 0
con
----------------End of Script----------------

13:31:04 INFO  : Launch script is exported to file 'C:\Workspace\ece527_mp2_a_base\ece527_mp2_a_base.sdk\.sdk\launch_scripts\xilinx_c-c++_application_(system_debugger)\system_debugger_using_debug_hello_world.elf_on_local.tcl'
15:55:12 INFO  : Disconnected from the channel tcfchan#3.
15:55:13 INFO  : 'targets -set -filter {jtag_cable_name =~ "Xilinx TUL 1234-tulA" && level==0} -index 1' command is executed.
15:55:13 INFO  : 'fpga -state' command is executed.
15:55:13 INFO  : Connected to target on host '127.0.0.1' and port '3121'.
15:55:13 INFO  : Jtag cable 'Xilinx TUL 1234-tulA' is selected.
15:55:13 INFO  : 'jtag frequency' command is executed.
15:55:13 INFO  : Sourcing of 'C:/Workspace/ece527_mp2_a_base/ece527_mp2_a_base.sdk/design_1_wrapper_hw_platform_0/ps7_init.tcl' is done.
15:55:13 INFO  : Context for 'APU' is selected.
15:55:15 INFO  : Hardware design information is loaded from 'C:/Workspace/ece527_mp2_a_base/ece527_mp2_a_base.sdk/design_1_wrapper_hw_platform_0/system.hdf'.
15:55:15 INFO  : 'configparams force-mem-access 1' command is executed.
15:55:15 INFO  : Context for 'APU' is selected.
15:55:15 INFO  : 'stop' command is executed.
15:55:15 INFO  : 'ps7_init' command is executed.
15:55:15 INFO  : 'ps7_post_config' command is executed.
15:55:15 INFO  : Context for processor 'ps7_cortexa9_0' is selected.
15:55:15 INFO  : Processor reset is completed for 'ps7_cortexa9_0'.
15:55:15 INFO  : Context for processor 'ps7_cortexa9_0' is selected.
15:55:15 INFO  : The application 'C:/Workspace/ece527_mp2_a_base/ece527_mp2_a_base.sdk/hello_world/Debug/hello_world.elf' is downloaded to processor 'ps7_cortexa9_0'.
15:55:15 INFO  : 'configparams force-mem-access 0' command is executed.
15:55:15 INFO  : ----------------XSDB Script----------------
connect -url tcp:127.0.0.1:3121
source C:/Workspace/ece527_mp2_a_base/ece527_mp2_a_base.sdk/design_1_wrapper_hw_platform_0/ps7_init.tcl
targets -set -nocase -filter {name =~"APU*" && jtag_cable_name =~ "Xilinx TUL 1234-tulA"} -index 0
loadhw -hw C:/Workspace/ece527_mp2_a_base/ece527_mp2_a_base.sdk/design_1_wrapper_hw_platform_0/system.hdf -mem-ranges [list {0x40000000 0xbfffffff}]
configparams force-mem-access 1
targets -set -nocase -filter {name =~"APU*" && jtag_cable_name =~ "Xilinx TUL 1234-tulA"} -index 0
stop
ps7_init
ps7_post_config
targets -set -nocase -filter {name =~ "ARM*#0" && jtag_cable_name =~ "Xilinx TUL 1234-tulA"} -index 0
rst -processor
targets -set -nocase -filter {name =~ "ARM*#0" && jtag_cable_name =~ "Xilinx TUL 1234-tulA"} -index 0
dow C:/Workspace/ece527_mp2_a_base/ece527_mp2_a_base.sdk/hello_world/Debug/hello_world.elf
configparams force-mem-access 0
----------------End of Script----------------

15:55:15 INFO  : Memory regions updated for context APU
15:55:15 INFO  : Context for processor 'ps7_cortexa9_0' is selected.
15:55:15 INFO  : 'con' command is executed.
15:55:15 INFO  : ----------------XSDB Script (After Launch)----------------
targets -set -nocase -filter {name =~ "ARM*#0" && jtag_cable_name =~ "Xilinx TUL 1234-tulA"} -index 0
con
----------------End of Script----------------

15:55:15 INFO  : Launch script is exported to file 'C:\Workspace\ece527_mp2_a_base\ece527_mp2_a_base.sdk\.sdk\launch_scripts\xilinx_c-c++_application_(system_debugger)\system_debugger_using_debug_hello_world.elf_on_local.tcl'
16:44:20 INFO  : Disconnected from the channel tcfchan#4.
16:44:21 INFO  : 'targets -set -filter {jtag_cable_name =~ "Xilinx TUL 1234-tulA" && level==0} -index 1' command is executed.
16:44:21 INFO  : 'fpga -state' command is executed.
16:44:21 INFO  : Connected to target on host '127.0.0.1' and port '3121'.
16:44:21 INFO  : Jtag cable 'Xilinx TUL 1234-tulA' is selected.
16:44:21 INFO  : 'jtag frequency' command is executed.
16:44:21 INFO  : Sourcing of 'C:/Workspace/ece527_mp2_a_base/ece527_mp2_a_base.sdk/design_1_wrapper_hw_platform_0/ps7_init.tcl' is done.
16:44:21 INFO  : Context for 'APU' is selected.
16:44:23 INFO  : Hardware design information is loaded from 'C:/Workspace/ece527_mp2_a_base/ece527_mp2_a_base.sdk/design_1_wrapper_hw_platform_0/system.hdf'.
16:44:23 INFO  : 'configparams force-mem-access 1' command is executed.
16:44:23 INFO  : Context for 'APU' is selected.
16:44:23 INFO  : 'stop' command is executed.
16:44:23 INFO  : 'ps7_init' command is executed.
16:44:23 INFO  : 'ps7_post_config' command is executed.
16:44:23 INFO  : Context for processor 'ps7_cortexa9_0' is selected.
16:44:23 INFO  : Processor reset is completed for 'ps7_cortexa9_0'.
16:44:23 INFO  : Context for processor 'ps7_cortexa9_0' is selected.
16:44:24 INFO  : The application 'C:/Workspace/ece527_mp2_a_base/ece527_mp2_a_base.sdk/hello_world/Debug/hello_world.elf' is downloaded to processor 'ps7_cortexa9_0'.
16:44:24 INFO  : 'configparams force-mem-access 0' command is executed.
16:44:24 INFO  : ----------------XSDB Script----------------
connect -url tcp:127.0.0.1:3121
source C:/Workspace/ece527_mp2_a_base/ece527_mp2_a_base.sdk/design_1_wrapper_hw_platform_0/ps7_init.tcl
targets -set -nocase -filter {name =~"APU*" && jtag_cable_name =~ "Xilinx TUL 1234-tulA"} -index 0
loadhw -hw C:/Workspace/ece527_mp2_a_base/ece527_mp2_a_base.sdk/design_1_wrapper_hw_platform_0/system.hdf -mem-ranges [list {0x40000000 0xbfffffff}]
configparams force-mem-access 1
targets -set -nocase -filter {name =~"APU*" && jtag_cable_name =~ "Xilinx TUL 1234-tulA"} -index 0
stop
ps7_init
ps7_post_config
targets -set -nocase -filter {name =~ "ARM*#0" && jtag_cable_name =~ "Xilinx TUL 1234-tulA"} -index 0
rst -processor
targets -set -nocase -filter {name =~ "ARM*#0" && jtag_cable_name =~ "Xilinx TUL 1234-tulA"} -index 0
dow C:/Workspace/ece527_mp2_a_base/ece527_mp2_a_base.sdk/hello_world/Debug/hello_world.elf
configparams force-mem-access 0
----------------End of Script----------------

16:44:24 INFO  : Memory regions updated for context APU
16:44:24 INFO  : Context for processor 'ps7_cortexa9_0' is selected.
16:44:24 INFO  : 'con' command is executed.
16:44:24 INFO  : ----------------XSDB Script (After Launch)----------------
targets -set -nocase -filter {name =~ "ARM*#0" && jtag_cable_name =~ "Xilinx TUL 1234-tulA"} -index 0
con
----------------End of Script----------------

16:44:24 INFO  : Launch script is exported to file 'C:\Workspace\ece527_mp2_a_base\ece527_mp2_a_base.sdk\.sdk\launch_scripts\xilinx_c-c++_application_(system_debugger)\system_debugger_using_debug_hello_world.elf_on_local.tcl'
16:45:21 INFO  : Disconnected from the channel tcfchan#5.
21:17:21 INFO  : Launching XSCT server: xsct.bat -interactive C:\Workspace\ece527_mp2_a_base\ece527_mp2_a_base.sdk\temp_xsdb_launch_script.tcl
21:17:23 INFO  : XSCT server has started successfully.
21:17:23 INFO  : Successfully done setting XSCT server connection channel  
21:17:26 INFO  : Successfully done setting SDK workspace  
21:17:27 INFO  : Registering command handlers for SDK TCF services
21:17:28 INFO  : Processing command line option -hwspec C:/Workspace/ece527_mp2_a_base/ece527_mp2_a_base.sdk/design_1_wrapper.hdf.
21:17:28 INFO  : Checking for hwspec changes in the project design_1_wrapper_hw_platform_0.
21:17:28 INFO  : SDK has detected change in the last modified timestamps for source hardware specification file Source:1599185649837,  Project:1599156221824
21:17:28 INFO  : The hardware specification for project 'design_1_wrapper_hw_platform_0' is different from C:/Workspace/ece527_mp2_a_base/ece527_mp2_a_base.sdk/design_1_wrapper.hdf.
21:17:28 INFO  : Copied contents of C:/Workspace/ece527_mp2_a_base/ece527_mp2_a_base.sdk/design_1_wrapper.hdf into \design_1_wrapper_hw_platform_0\system.hdf.
21:17:31 INFO  : Synchronizing projects in the workspace with the hardware platform specification changes.
21:17:34 INFO  : 
21:17:35 INFO  : Updating hardware inferred compiler options for hello_world.
21:17:35 INFO  : Clearing existing target manager status.
21:17:35 INFO  : Closing and re-opening the MSS file of ther project hello_world_bsp
21:17:36 INFO  : Workspace synchronized with the new hardware specification file. Cleaning dependent projects...
21:17:37 WARN  : Linker script will not be updated automatically. Users need to update it manually.
21:18:28 INFO  : 'targets -set -filter {jtag_cable_name =~ "Xilinx TUL 1234-tulA" && level==0} -index 1' command is executed.
21:18:28 INFO  : 'fpga -state' command is executed.
21:18:28 INFO  : Connected to target on host '127.0.0.1' and port '3121'.
21:18:28 INFO  : Jtag cable 'Xilinx TUL 1234-tulA' is selected.
21:18:28 INFO  : 'jtag frequency' command is executed.
21:18:28 INFO  : Sourcing of 'C:/Workspace/ece527_mp2_a_base/ece527_mp2_a_base.sdk/design_1_wrapper_hw_platform_0/ps7_init.tcl' is done.
21:18:28 INFO  : Context for 'APU' is selected.
21:18:28 INFO  : Hardware design information is loaded from 'C:/Workspace/ece527_mp2_a_base/ece527_mp2_a_base.sdk/design_1_wrapper_hw_platform_0/system.hdf'.
21:18:28 INFO  : 'configparams force-mem-access 1' command is executed.
21:18:28 INFO  : Context for 'APU' is selected.
21:18:28 INFO  : 'stop' command is executed.
21:18:29 INFO  : 'ps7_init' command is executed.
21:18:29 INFO  : 'ps7_post_config' command is executed.
21:18:29 INFO  : Context for processor 'ps7_cortexa9_0' is selected.
21:18:29 INFO  : Processor reset is completed for 'ps7_cortexa9_0'.
21:18:29 INFO  : Context for processor 'ps7_cortexa9_0' is selected.
21:18:29 INFO  : The application 'C:/Workspace/ece527_mp2_a_base/ece527_mp2_a_base.sdk/hello_world/Debug/hello_world.elf' is downloaded to processor 'ps7_cortexa9_0'.
21:18:29 INFO  : 'configparams force-mem-access 0' command is executed.
21:18:29 INFO  : ----------------XSDB Script----------------
connect -url tcp:127.0.0.1:3121
source C:/Workspace/ece527_mp2_a_base/ece527_mp2_a_base.sdk/design_1_wrapper_hw_platform_0/ps7_init.tcl
targets -set -nocase -filter {name =~"APU*" && jtag_cable_name =~ "Xilinx TUL 1234-tulA"} -index 0
loadhw -hw C:/Workspace/ece527_mp2_a_base/ece527_mp2_a_base.sdk/design_1_wrapper_hw_platform_0/system.hdf -mem-ranges [list {0x40000000 0xbfffffff}]
configparams force-mem-access 1
targets -set -nocase -filter {name =~"APU*" && jtag_cable_name =~ "Xilinx TUL 1234-tulA"} -index 0
stop
ps7_init
ps7_post_config
targets -set -nocase -filter {name =~ "ARM*#0" && jtag_cable_name =~ "Xilinx TUL 1234-tulA"} -index 0
rst -processor
targets -set -nocase -filter {name =~ "ARM*#0" && jtag_cable_name =~ "Xilinx TUL 1234-tulA"} -index 0
dow C:/Workspace/ece527_mp2_a_base/ece527_mp2_a_base.sdk/hello_world/Debug/hello_world.elf
configparams force-mem-access 0
----------------End of Script----------------

21:18:29 INFO  : Memory regions updated for context APU
21:18:29 INFO  : Context for processor 'ps7_cortexa9_0' is selected.
21:18:29 INFO  : 'con' command is executed.
21:18:29 INFO  : ----------------XSDB Script (After Launch)----------------
targets -set -nocase -filter {name =~ "ARM*#0" && jtag_cable_name =~ "Xilinx TUL 1234-tulA"} -index 0
con
----------------End of Script----------------

21:18:29 INFO  : Launch script is exported to file 'C:\Workspace\ece527_mp2_a_base\ece527_mp2_a_base.sdk\.sdk\launch_scripts\xilinx_c-c++_application_(system_debugger)\system_debugger_using_debug_hello_world.elf_on_local.tcl'
21:19:40 INFO  : Disconnected from the channel tcfchan#1.
15:35:18 INFO  : Launching XSCT server: xsct.bat -interactive C:\Workspace\ece527_mp2_a_base\ece527_mp2_a_base.sdk\temp_xsdb_launch_script.tcl
15:35:20 INFO  : XSCT server has started successfully.
15:35:20 INFO  : Successfully done setting XSCT server connection channel  
15:35:22 INFO  : Successfully done setting SDK workspace  
15:35:28 INFO  : Registering command handlers for SDK TCF services
15:35:28 INFO  : Processing command line option -hwspec C:/Workspace/ece527_mp2_a_base/ece527_mp2_a_base.sdk/design_1_wrapper.hdf.
15:35:29 INFO  : Checking for hwspec changes in the project design_1_wrapper_hw_platform_0.
15:35:52 INFO  : 'targets -set -filter {jtag_cable_name =~ "Xilinx TUL 1234-tulA" && level==0} -index 1' command is executed.
15:35:52 INFO  : 'fpga -state' command is executed.
15:35:52 INFO  : Connected to target on host '127.0.0.1' and port '3121'.
15:35:53 INFO  : Jtag cable 'Xilinx TUL 1234-tulA' is selected.
15:35:53 INFO  : 'jtag frequency' command is executed.
15:35:53 INFO  : Sourcing of 'C:/Workspace/ece527_mp2_a_base/ece527_mp2_a_base.sdk/design_1_wrapper_hw_platform_0/ps7_init.tcl' is done.
15:35:53 INFO  : Context for 'APU' is selected.
15:35:53 INFO  : Hardware design information is loaded from 'C:/Workspace/ece527_mp2_a_base/ece527_mp2_a_base.sdk/design_1_wrapper_hw_platform_0/system.hdf'.
15:35:53 INFO  : 'configparams force-mem-access 1' command is executed.
15:35:53 INFO  : Context for 'APU' is selected.
15:35:53 INFO  : 'stop' command is executed.
15:35:53 INFO  : 'ps7_init' command is executed.
15:35:53 INFO  : 'ps7_post_config' command is executed.
15:35:53 INFO  : Context for processor 'ps7_cortexa9_0' is selected.
15:35:53 INFO  : Processor reset is completed for 'ps7_cortexa9_0'.
15:35:54 INFO  : Context for processor 'ps7_cortexa9_0' is selected.
15:35:54 INFO  : The application 'C:/Workspace/ece527_mp2_a_base/ece527_mp2_a_base.sdk/hello_world/Debug/hello_world.elf' is downloaded to processor 'ps7_cortexa9_0'.
15:35:54 INFO  : 'configparams force-mem-access 0' command is executed.
15:35:54 INFO  : ----------------XSDB Script----------------
connect -url tcp:127.0.0.1:3121
source C:/Workspace/ece527_mp2_a_base/ece527_mp2_a_base.sdk/design_1_wrapper_hw_platform_0/ps7_init.tcl
targets -set -nocase -filter {name =~"APU*" && jtag_cable_name =~ "Xilinx TUL 1234-tulA"} -index 0
loadhw -hw C:/Workspace/ece527_mp2_a_base/ece527_mp2_a_base.sdk/design_1_wrapper_hw_platform_0/system.hdf -mem-ranges [list {0x40000000 0xbfffffff}]
configparams force-mem-access 1
targets -set -nocase -filter {name =~"APU*" && jtag_cable_name =~ "Xilinx TUL 1234-tulA"} -index 0
stop
ps7_init
ps7_post_config
targets -set -nocase -filter {name =~ "ARM*#0" && jtag_cable_name =~ "Xilinx TUL 1234-tulA"} -index 0
rst -processor
targets -set -nocase -filter {name =~ "ARM*#0" && jtag_cable_name =~ "Xilinx TUL 1234-tulA"} -index 0
dow C:/Workspace/ece527_mp2_a_base/ece527_mp2_a_base.sdk/hello_world/Debug/hello_world.elf
configparams force-mem-access 0
----------------End of Script----------------

15:35:54 INFO  : Memory regions updated for context APU
15:35:54 INFO  : Context for processor 'ps7_cortexa9_0' is selected.
15:35:54 INFO  : 'con' command is executed.
15:35:54 INFO  : ----------------XSDB Script (After Launch)----------------
targets -set -nocase -filter {name =~ "ARM*#0" && jtag_cable_name =~ "Xilinx TUL 1234-tulA"} -index 0
con
----------------End of Script----------------

15:35:54 INFO  : Launch script is exported to file 'C:\Workspace\ece527_mp2_a_base\ece527_mp2_a_base.sdk\.sdk\launch_scripts\xilinx_c-c++_application_(system_debugger)\system_debugger_using_debug_hello_world.elf_on_local.tcl'
15:36:43 INFO  : Disconnected from the channel tcfchan#1.
10:20:49 INFO  : Registering command handlers for SDK TCF services
10:20:49 INFO  : Launching XSCT server: xsct.bat -interactive C:\Workspace\ece527_mp2_a_base\ece527_mp2_a_base.sdk\temp_xsdb_launch_script.tcl
10:20:51 INFO  : XSCT server has started successfully.
10:20:53 INFO  : Successfully done setting XSCT server connection channel  
10:20:53 INFO  : Processing command line option -hwspec C:/Workspace/ece527_mp2_a_base/ece527_mp2_a_base.sdk/design_1_wrapper.hdf.
10:20:53 INFO  : Successfully done setting SDK workspace  
10:20:53 INFO  : Checking for hwspec changes in the project design_1_wrapper_hw_platform_0.
10:21:04 INFO  : 'targets -set -filter {jtag_cable_name =~ "Xilinx TUL 1234-tulA" && level==0} -index 1' command is executed.
10:21:04 INFO  : 'fpga -state' command is executed.
10:21:04 INFO  : Connected to target on host '127.0.0.1' and port '3121'.
10:21:04 INFO  : Jtag cable 'Xilinx TUL 1234-tulA' is selected.
10:21:04 INFO  : 'jtag frequency' command is executed.
10:21:04 INFO  : Sourcing of 'C:/Workspace/ece527_mp2_a_base/ece527_mp2_a_base.sdk/design_1_wrapper_hw_platform_0/ps7_init.tcl' is done.
10:21:04 INFO  : Context for 'APU' is selected.
10:21:04 INFO  : Hardware design information is loaded from 'C:/Workspace/ece527_mp2_a_base/ece527_mp2_a_base.sdk/design_1_wrapper_hw_platform_0/system.hdf'.
10:21:04 INFO  : 'configparams force-mem-access 1' command is executed.
10:21:04 INFO  : Context for 'APU' is selected.
10:21:04 INFO  : 'stop' command is executed.
10:21:05 INFO  : 'ps7_init' command is executed.
10:21:05 INFO  : 'ps7_post_config' command is executed.
10:21:05 INFO  : Context for processor 'ps7_cortexa9_0' is selected.
10:21:05 INFO  : Processor reset is completed for 'ps7_cortexa9_0'.
10:21:05 INFO  : Context for processor 'ps7_cortexa9_0' is selected.
10:21:05 INFO  : The application 'C:/Workspace/ece527_mp2_a_base/ece527_mp2_a_base.sdk/hello_world/Debug/hello_world.elf' is downloaded to processor 'ps7_cortexa9_0'.
10:21:05 INFO  : 'configparams force-mem-access 0' command is executed.
10:21:05 INFO  : ----------------XSDB Script----------------
connect -url tcp:127.0.0.1:3121
source C:/Workspace/ece527_mp2_a_base/ece527_mp2_a_base.sdk/design_1_wrapper_hw_platform_0/ps7_init.tcl
targets -set -nocase -filter {name =~"APU*" && jtag_cable_name =~ "Xilinx TUL 1234-tulA"} -index 0
loadhw -hw C:/Workspace/ece527_mp2_a_base/ece527_mp2_a_base.sdk/design_1_wrapper_hw_platform_0/system.hdf -mem-ranges [list {0x40000000 0xbfffffff}]
configparams force-mem-access 1
targets -set -nocase -filter {name =~"APU*" && jtag_cable_name =~ "Xilinx TUL 1234-tulA"} -index 0
stop
ps7_init
ps7_post_config
targets -set -nocase -filter {name =~ "ARM*#0" && jtag_cable_name =~ "Xilinx TUL 1234-tulA"} -index 0
rst -processor
targets -set -nocase -filter {name =~ "ARM*#0" && jtag_cable_name =~ "Xilinx TUL 1234-tulA"} -index 0
dow C:/Workspace/ece527_mp2_a_base/ece527_mp2_a_base.sdk/hello_world/Debug/hello_world.elf
configparams force-mem-access 0
----------------End of Script----------------

10:21:05 INFO  : Memory regions updated for context APU
10:21:05 INFO  : Context for processor 'ps7_cortexa9_0' is selected.
10:21:05 INFO  : 'con' command is executed.
10:21:05 INFO  : ----------------XSDB Script (After Launch)----------------
targets -set -nocase -filter {name =~ "ARM*#0" && jtag_cable_name =~ "Xilinx TUL 1234-tulA"} -index 0
con
----------------End of Script----------------

10:21:05 INFO  : Launch script is exported to file 'C:\Workspace\ece527_mp2_a_base\ece527_mp2_a_base.sdk\.sdk\launch_scripts\xilinx_c-c++_application_(system_debugger)\system_debugger_using_debug_hello_world.elf_on_local.tcl'
11:20:13 INFO  : Disconnected from the channel tcfchan#1.
15:21:58 INFO  : Registering command handlers for SDK TCF services
15:21:59 INFO  : Launching XSCT server: xsct.bat -interactive C:\Workspace\ece527_mp2_a_base\ece527_mp2_a_base.sdk\temp_xsdb_launch_script.tcl
15:22:01 INFO  : XSCT server has started successfully.
15:22:03 INFO  : Successfully done setting XSCT server connection channel  
15:22:03 INFO  : Processing command line option -hwspec C:/Workspace/ece527_mp2_a_base/ece527_mp2_a_base.sdk/design_1_wrapper.hdf.
15:22:03 INFO  : Successfully done setting SDK workspace  
15:22:03 INFO  : Checking for hwspec changes in the project design_1_wrapper_hw_platform_0.
15:22:07 INFO  : SDK has detected change in the last modified timestamps for source hardware specification file Source:1599596438533,  Project:1599185649837
15:22:07 INFO  : The hardware specification for project 'design_1_wrapper_hw_platform_0' is different from C:/Workspace/ece527_mp2_a_base/ece527_mp2_a_base.sdk/design_1_wrapper.hdf.
15:22:07 INFO  : Copied contents of C:/Workspace/ece527_mp2_a_base/ece527_mp2_a_base.sdk/design_1_wrapper.hdf into \design_1_wrapper_hw_platform_0\system.hdf.
15:22:10 INFO  : Synchronizing projects in the workspace with the hardware platform specification changes.
15:22:14 INFO  : 
15:22:15 INFO  : Updating hardware inferred compiler options for hello_world.
15:22:15 INFO  : Clearing existing target manager status.
15:22:35 INFO  : 'targets -set -filter {jtag_cable_name =~ "Xilinx TUL 1234-tulA" && level==0} -index 1' command is executed.
15:22:35 INFO  : 'fpga -state' command is executed.
15:22:35 INFO  : Connected to target on host '127.0.0.1' and port '3121'.
15:22:36 INFO  : Jtag cable 'Xilinx TUL 1234-tulA' is selected.
15:22:36 INFO  : 'jtag frequency' command is executed.
15:22:36 INFO  : Sourcing of 'C:/Workspace/ece527_mp2_a_base/ece527_mp2_a_base.sdk/design_1_wrapper_hw_platform_0/ps7_init.tcl' is done.
15:22:36 INFO  : Context for 'APU' is selected.
15:22:36 INFO  : Hardware design information is loaded from 'C:/Workspace/ece527_mp2_a_base/ece527_mp2_a_base.sdk/design_1_wrapper_hw_platform_0/system.hdf'.
15:22:36 INFO  : 'configparams force-mem-access 1' command is executed.
15:22:36 INFO  : Context for 'APU' is selected.
15:22:36 INFO  : 'stop' command is executed.
15:22:36 INFO  : 'ps7_init' command is executed.
15:22:36 INFO  : 'ps7_post_config' command is executed.
15:22:36 INFO  : Context for processor 'ps7_cortexa9_0' is selected.
15:22:36 INFO  : Processor reset is completed for 'ps7_cortexa9_0'.
15:22:36 INFO  : Context for processor 'ps7_cortexa9_0' is selected.
15:22:36 INFO  : The application 'C:/Workspace/ece527_mp2_a_base/ece527_mp2_a_base.sdk/hello_world/Debug/hello_world.elf' is downloaded to processor 'ps7_cortexa9_0'.
15:22:36 INFO  : 'configparams force-mem-access 0' command is executed.
15:22:36 INFO  : ----------------XSDB Script----------------
connect -url tcp:127.0.0.1:3121
source C:/Workspace/ece527_mp2_a_base/ece527_mp2_a_base.sdk/design_1_wrapper_hw_platform_0/ps7_init.tcl
targets -set -nocase -filter {name =~"APU*" && jtag_cable_name =~ "Xilinx TUL 1234-tulA"} -index 0
loadhw -hw C:/Workspace/ece527_mp2_a_base/ece527_mp2_a_base.sdk/design_1_wrapper_hw_platform_0/system.hdf -mem-ranges [list {0x40000000 0xbfffffff}]
configparams force-mem-access 1
targets -set -nocase -filter {name =~"APU*" && jtag_cable_name =~ "Xilinx TUL 1234-tulA"} -index 0
stop
ps7_init
ps7_post_config
targets -set -nocase -filter {name =~ "ARM*#0" && jtag_cable_name =~ "Xilinx TUL 1234-tulA"} -index 0
rst -processor
targets -set -nocase -filter {name =~ "ARM*#0" && jtag_cable_name =~ "Xilinx TUL 1234-tulA"} -index 0
dow C:/Workspace/ece527_mp2_a_base/ece527_mp2_a_base.sdk/hello_world/Debug/hello_world.elf
configparams force-mem-access 0
----------------End of Script----------------

15:22:36 INFO  : Memory regions updated for context APU
15:22:36 INFO  : Context for processor 'ps7_cortexa9_0' is selected.
15:22:36 INFO  : 'con' command is executed.
15:22:36 INFO  : ----------------XSDB Script (After Launch)----------------
targets -set -nocase -filter {name =~ "ARM*#0" && jtag_cable_name =~ "Xilinx TUL 1234-tulA"} -index 0
con
----------------End of Script----------------

15:22:36 INFO  : Launch script is exported to file 'C:\Workspace\ece527_mp2_a_base\ece527_mp2_a_base.sdk\.sdk\launch_scripts\xilinx_c-c++_application_(system_debugger)\system_debugger_using_debug_hello_world.elf_on_local.tcl'
15:23:17 INFO  : Disconnected from the channel tcfchan#1.
15:23:18 INFO  : 'targets -set -filter {jtag_cable_name =~ "Xilinx TUL 1234-tulA" && level==0} -index 1' command is executed.
15:23:18 INFO  : 'fpga -state' command is executed.
15:23:18 INFO  : Connected to target on host '127.0.0.1' and port '3121'.
15:23:18 INFO  : Jtag cable 'Xilinx TUL 1234-tulA' is selected.
15:23:18 INFO  : 'jtag frequency' command is executed.
15:23:18 INFO  : Sourcing of 'C:/Workspace/ece527_mp2_a_base/ece527_mp2_a_base.sdk/design_1_wrapper_hw_platform_0/ps7_init.tcl' is done.
15:23:18 INFO  : Context for 'APU' is selected.
15:23:20 INFO  : Hardware design information is loaded from 'C:/Workspace/ece527_mp2_a_base/ece527_mp2_a_base.sdk/design_1_wrapper_hw_platform_0/system.hdf'.
15:23:20 INFO  : 'configparams force-mem-access 1' command is executed.
15:23:20 INFO  : Context for 'APU' is selected.
15:23:20 INFO  : 'stop' command is executed.
15:23:21 INFO  : 'ps7_init' command is executed.
15:23:21 INFO  : 'ps7_post_config' command is executed.
15:23:21 INFO  : Context for processor 'ps7_cortexa9_0' is selected.
15:23:21 INFO  : Processor reset is completed for 'ps7_cortexa9_0'.
15:23:21 INFO  : Context for processor 'ps7_cortexa9_0' is selected.
15:23:21 INFO  : The application 'C:/Workspace/ece527_mp2_a_base/ece527_mp2_a_base.sdk/hello_world/Debug/hello_world.elf' is downloaded to processor 'ps7_cortexa9_0'.
15:23:21 INFO  : 'configparams force-mem-access 0' command is executed.
15:23:21 INFO  : ----------------XSDB Script----------------
connect -url tcp:127.0.0.1:3121
source C:/Workspace/ece527_mp2_a_base/ece527_mp2_a_base.sdk/design_1_wrapper_hw_platform_0/ps7_init.tcl
targets -set -nocase -filter {name =~"APU*" && jtag_cable_name =~ "Xilinx TUL 1234-tulA"} -index 0
loadhw -hw C:/Workspace/ece527_mp2_a_base/ece527_mp2_a_base.sdk/design_1_wrapper_hw_platform_0/system.hdf -mem-ranges [list {0x40000000 0xbfffffff}]
configparams force-mem-access 1
targets -set -nocase -filter {name =~"APU*" && jtag_cable_name =~ "Xilinx TUL 1234-tulA"} -index 0
stop
ps7_init
ps7_post_config
targets -set -nocase -filter {name =~ "ARM*#0" && jtag_cable_name =~ "Xilinx TUL 1234-tulA"} -index 0
rst -processor
targets -set -nocase -filter {name =~ "ARM*#0" && jtag_cable_name =~ "Xilinx TUL 1234-tulA"} -index 0
dow C:/Workspace/ece527_mp2_a_base/ece527_mp2_a_base.sdk/hello_world/Debug/hello_world.elf
configparams force-mem-access 0
----------------End of Script----------------

15:23:21 INFO  : Memory regions updated for context APU
15:23:21 INFO  : Context for processor 'ps7_cortexa9_0' is selected.
15:23:21 INFO  : 'con' command is executed.
15:23:21 INFO  : ----------------XSDB Script (After Launch)----------------
targets -set -nocase -filter {name =~ "ARM*#0" && jtag_cable_name =~ "Xilinx TUL 1234-tulA"} -index 0
con
----------------End of Script----------------

15:23:21 INFO  : Launch script is exported to file 'C:\Workspace\ece527_mp2_a_base\ece527_mp2_a_base.sdk\.sdk\launch_scripts\xilinx_c-c++_application_(system_debugger)\system_debugger_using_debug_hello_world.elf_on_local.tcl'
15:25:09 INFO  : Disconnected from the channel tcfchan#2.
15:41:36 INFO  : Registering command handlers for SDK TCF services
15:41:37 INFO  : Launching XSCT server: xsct.bat -interactive C:\Users\86186\Desktop\UIUC-ECE527-main\ece527_mp2_a_base\ece527_mp2_a_base.sdk\temp_xsdb_launch_script.tcl
15:41:39 INFO  : XSCT server has started successfully.
15:41:39 INFO  : Successfully done setting XSCT server connection channel  
15:41:39 INFO  : Successfully done setting SDK workspace  
15:41:39 INFO  : Processing command line option -hwspec C:/Users/86186/Desktop/UIUC-ECE527-main/ece527_mp2_a_base/ece527_mp2_a_base.sdk/design_1_wrapper.hdf.
21:35:01 INFO  : Launching XSCT server: xsct.bat -interactive C:\Users\86186\Desktop\UIUC-ECE527-main\ece527_mp2_a_base\ece527_mp2_a_base.sdk\temp_xsdb_launch_script.tcl
21:35:03 INFO  : XSCT server has started successfully.
21:35:07 INFO  : Successfully done setting XSCT server connection channel  
21:35:07 INFO  : Successfully done setting SDK workspace  
21:35:08 INFO  : Registering command handlers for SDK TCF services
21:35:08 INFO  : Processing command line option -hwspec C:/Users/86186/Desktop/UIUC-ECE527-main/ece527_mp2_a_base/ece527_mp2_a_base.sdk/design_1_wrapper.hdf.
21:35:08 INFO  : Checking for hwspec changes in the project design_1_wrapper_hw_platform_1.
21:35:09 INFO  : SDK has detected change in the last modified timestamps for source hardware specification file Source:1664245744371,  Project:1664223258844
21:35:09 INFO  : The hardware specification for project 'design_1_wrapper_hw_platform_1' is different from C:/Users/86186/Desktop/UIUC-ECE527-main/ece527_mp2_a_base/ece527_mp2_a_base.sdk/design_1_wrapper.hdf.
21:35:10 INFO  : Copied contents of C:/Users/86186/Desktop/UIUC-ECE527-main/ece527_mp2_a_base/ece527_mp2_a_base.sdk/design_1_wrapper.hdf into \design_1_wrapper_hw_platform_1\system.hdf.
21:35:13 INFO  : Synchronizing projects in the workspace with the hardware platform specification changes.
21:35:14 INFO  : Clearing existing target manager status.
21:35:14 INFO  : Workspace synchronized with the new hardware specification file. Cleaning dependent projects...
21:35:14 WARN  : Linker script will not be updated automatically. Users need to update it manually.
21:36:21 INFO  : Launching XSCT server: xsct.bat -interactive C:\Users\86186\Desktop\UIUC-ECE527-main\ece527_mp2_a_base\ece527_mp2_a_base.sdk\temp_xsdb_launch_script.tcl
21:36:23 INFO  : XSCT server has started successfully.
21:36:27 INFO  : Successfully done setting XSCT server connection channel  
21:36:27 INFO  : Successfully done setting SDK workspace  
21:36:28 INFO  : Registering command handlers for SDK TCF services
21:36:28 INFO  : Processing command line option -hwspec C:/Users/86186/Desktop/UIUC-ECE527-main/ece527_mp2_a_base/ece527_mp2_a_base.sdk/design_1_wrapper.hdf.
21:36:28 INFO  : Checking for hwspec changes in the project design_1_wrapper_hw_platform_1.
02:26:39 INFO  : Registering command handlers for SDK TCF services
02:26:39 INFO  : Launching XSCT server: xsct.bat -interactive C:\Users\86186\Desktop\UIUC-ECE527-main\ece527_mp2_a_base\ece527_mp2_a_base.sdk\temp_xsdb_launch_script.tcl
02:26:42 INFO  : XSCT server has started successfully.
02:26:42 INFO  : Successfully done setting XSCT server connection channel  
02:26:42 INFO  : Successfully done setting SDK workspace  
02:26:42 INFO  : Processing command line option -hwspec C:/Users/86186/Desktop/UIUC-ECE527-main/ece527_mp2_a_base/ece527_mp2_a_base.sdk/design_1_wrapper.hdf.
02:26:42 INFO  : Checking for hwspec changes in the project design_1_wrapper_hw_platform_1.
02:26:47 INFO  : SDK has detected change in the last modified timestamps for source hardware specification file Source:1664263546905,  Project:1664245744371
02:26:47 INFO  : The hardware specification for project 'design_1_wrapper_hw_platform_1' is different from C:/Users/86186/Desktop/UIUC-ECE527-main/ece527_mp2_a_base/ece527_mp2_a_base.sdk/design_1_wrapper.hdf.
02:26:47 INFO  : Copied contents of C:/Users/86186/Desktop/UIUC-ECE527-main/ece527_mp2_a_base/ece527_mp2_a_base.sdk/design_1_wrapper.hdf into \design_1_wrapper_hw_platform_1\system.hdf.
02:26:51 INFO  : Synchronizing projects in the workspace with the hardware platform specification changes.
02:26:51 INFO  : Clearing existing target manager status.
02:26:51 INFO  : Workspace synchronized with the new hardware specification file. Cleaning dependent projects...
02:26:51 WARN  : Linker script will not be updated automatically. Users need to update it manually.
19:48:31 INFO  : Registering command handlers for SDK TCF services
19:48:32 INFO  : Launching XSCT server: xsct.bat -interactive F:\ece527\UIUC-ECE527\mp2\mp2a\ece527_mp2_a_base.sdk\temp_xsdb_launch_script.tcl
19:48:35 INFO  : XSCT server has started successfully.
19:48:35 INFO  : Successfully done setting XSCT server connection channel  
19:48:35 INFO  : Successfully done setting SDK workspace  
19:48:35 INFO  : Processing command line option -hwspec F:/ece527/UIUC-ECE527/mp2/mp2a/ece527_mp2_a_base.sdk/design_1_wrapper.hdf.
