#-----------------------------------------------------------
# Webtalk v2019.1 (64-bit)
# SW Build 2552052 on Fri May 24 14:49:42 MDT 2019
# 
# Start of session at: Tue Sep 27 01:41:02 2022
# Process ID: 187236
# Current directory: C:/Users/86186/Desktop/UIUC-ECE527-main/ece527_mp2_a_base/ece527_mp2_a_base.sdk/webtalk
# Command line: wbtcv.exe -mode batch -source sdk_webtalk.tcl
# Log file: C:/Users/86186/Desktop/UIUC-ECE527-main/ece527_mp2_a_base/ece527_mp2_a_base.sdk/webtalk/webtalk.log
# Journal file: C:/Users/86186/Desktop/UIUC-ECE527-main/ece527_mp2_a_base/ece527_mp2_a_base.sdk/webtalk\webtalk.jou
#-----------------------------------------------------------
source sdk_webtalk.tcl
# webtalk_init -webtalk_dir C:\\Users\\86186\\Desktop\\UIUC-ECE527-main\\ece527_mp2_a_base\\ece527_mp2_a_base.sdk\\webtalk
# webtalk_register_client -client project
# webtalk_add_data -client project -key date_generated -value "2022-09-27 01:41:00" -context "software_version_and_target_device"
# webtalk_add_data -client project -key product_version -value "SDK v2019.1" -context "software_version_and_target_device"
# webtalk_add_data -client project -key build_version -value "2019.1" -context "software_version_and_target_device"
# webtalk_add_data -client project -key os_platform -value "amd64" -context "software_version_and_target_device"
# webtalk_add_data -client project -key registration_id -value "" -context "software_version_and_target_device"
# webtalk_add_data -client project -key tool_flow -value "SDK" -context "software_version_and_target_device"
# webtalk_add_data -client project -key beta -value "false" -context "software_version_and_target_device"
# webtalk_add_data -client project -key route_design -value "NA" -context "software_version_and_target_device"
# webtalk_add_data -client project -key target_family -value "NA" -context "software_version_and_target_device"
# webtalk_add_data -client project -key target_device -value "NA" -context "software_version_and_target_device"
# webtalk_add_data -client project -key target_package -value "NA" -context "software_version_and_target_device"
# webtalk_add_data -client project -key target_speed -value "NA" -context "software_version_and_target_device"
# webtalk_add_data -client project -key random_id -value "ik4djmhp7grfesn5k8ocltor5" -context "software_version_and_target_device"
# webtalk_add_data -client project -key project_id -value "2019.1_3" -context "software_version_and_target_device"
# webtalk_add_data -client project -key project_iteration -value "3" -context "software_version_and_target_device"
# webtalk_add_data -client project -key os_name -value "Microsoft Windows 8 or later , 64-bit" -context "user_environment"
# webtalk_add_data -client project -key os_release -value "major release  (build 9200)" -context "user_environment"
# webtalk_add_data -client project -key cpu_name -value "11th Gen Intel(R) Core(TM) i7-11800H @ 2.30GHz" -context "user_environment"
# webtalk_add_data -client project -key cpu_speed -value "2304 MHz" -context "user_environment"
# webtalk_add_data -client project -key total_processors -value "1" -context "user_environment"
# webtalk_add_data -client project -key system_ram -value "16.910 GB" -context "user_environment"
# webtalk_register_client -client sdk
# webtalk_add_data -client sdk -key uid -value "1664246505943" -context "sdk\\\\bsp/1664246505943"
# webtalk_add_data -client sdk -key hwid -value "1599157597407" -context "sdk\\\\bsp/1664246505943"
# webtalk_add_data -client sdk -key os -value "standalone" -context "sdk\\\\bsp/1664246505943"
# webtalk_add_data -client sdk -key apptemplate -value "hello_world" -context "sdk\\\\bsp/1664246505943"
# webtalk_add_data -client sdk -key RecordType -value "BSPCreation" -context "sdk\\\\bsp/1664246505943"
# webtalk_add_data -client sdk -key uid -value "1664246507514" -context "sdk\\\\application/1664246507514"
# webtalk_add_data -client sdk -key hwid -value "1599157597407" -context "sdk\\\\application/1664246507514"
# webtalk_add_data -client sdk -key bspid -value "1664246505943" -context "sdk\\\\application/1664246507514"
# webtalk_add_data -client sdk -key newbsp -value "true" -context "sdk\\\\application/1664246507514"
# webtalk_add_data -client sdk -key os -value "standalone" -context "sdk\\\\application/1664246507514"
# webtalk_add_data -client sdk -key apptemplate -value "hello_world" -context "sdk\\\\application/1664246507514"
# webtalk_add_data -client sdk -key RecordType -value "APPCreation" -context "sdk\\\\application/1664246507514"
# webtalk_add_data -client sdk -key LangUsed -value "C" -context "sdk\\\\application/1664246507514"
# webtalk_add_data -client sdk -key Procused -value "ps7_cortexa9" -context "sdk\\\\application/1664246507514"
# webtalk_add_data -client sdk -key projSize -value "202.87109375" -context "sdk\\\\application/1664246507514"
# webtalk_add_data -client sdk -key uid -value "NA" -context "sdk\\\\bsp/1664260860793"
# webtalk_add_data -client sdk -key RecordType -value "ToolUsage" -context "sdk\\\\bsp/1664260860793"
# webtalk_add_data -client sdk -key BootgenCount -value "0" -context "sdk\\\\bsp/1664260860793"
# webtalk_add_data -client sdk -key DebugCount -value "0" -context "sdk\\\\bsp/1664260860793"
# webtalk_add_data -client sdk -key PerfCount -value "0" -context "sdk\\\\bsp/1664260860793"
# webtalk_add_data -client sdk -key FlashCount -value "0" -context "sdk\\\\bsp/1664260860793"
# webtalk_add_data -client sdk -key CrossTriggCount -value "0" -context "sdk\\\\bsp/1664260860793"
# webtalk_add_data -client sdk -key QemuDebugCount -value "0" -context "sdk\\\\bsp/1664260860793"
# webtalk_transmit -clientid 586099155 -regid "" -xml C:\\Users\\86186\\Desktop\\UIUC-ECE527-main\\ece527_mp2_a_base\\ece527_mp2_a_base.sdk\\webtalk\\usage_statistics_ext_sdk.xml -html C:\\Users\\86186\\Desktop\\UIUC-ECE527-main\\ece527_mp2_a_base\\ece527_mp2_a_base.sdk\\webtalk\\usage_statistics_ext_sdk.html -wdm C:\\Users\\86186\\Desktop\\UIUC-ECE527-main\\ece527_mp2_a_base\\ece527_mp2_a_base.sdk\\webtalk\\sdk_webtalk.wdm -intro "<H3>SDK Usage Report</H3><BR>"
# webtalk_terminate
INFO: [Common 17-206] Exiting Webtalk at Tue Sep 27 01:41:03 2022...
