Copyright 1986-2019 Xilinx, Inc. All Rights Reserved.
------------------------------------------------------------------------------------
| Tool Version : Vivado v.2019.1 (win64) Build 2552052 Fri May 24 14:49:42 MDT 2019
| Date         : Mon Nov 28 23:09:26 2022
| Host         : DESKTOP-VC6STA9 running 64-bit major release  (build 9200)
| Command      : upgrade_ip
| Device       : xc7z020clg400-1
------------------------------------------------------------------------------------

Upgrade Log for IP 'design_1_image_0_0'

1. Summary
----------

SUCCESS in the conversion of design_1_image_0_0 (xilinx.com:user:image:1.0 (Rev. 2)) to Vivado generation flows.






Copyright 1986-2019 Xilinx, Inc. All Rights Reserved.
------------------------------------------------------------------------------------
| Tool Version : Vivado v.2019.1 (win64) Build 2552052 Fri May 24 14:49:42 MDT 2019
| Date         : Sun Nov 27 14:49:22 2022
| Host         : DESKTOP-VC6STA9 running 64-bit major release  (build 9200)
| Command      : upgrade_ip
| Device       : xc7z020clg400-1
------------------------------------------------------------------------------------

Upgrade Log for IP 'design_1_image_0_0'

1. Summary
----------

SUCCESS in the conversion of design_1_image_0_0 (xilinx.com:user:image:1.0 (Rev. 2)) to Vivado generation flows.






Copyright 1986-2019 Xilinx, Inc. All Rights Reserved.
------------------------------------------------------------------------------------
| Tool Version : Vivado v.2019.1 (win64) Build 2552052 Fri May 24 14:49:42 MDT 2019
| Date         : Sun Nov 27 14:33:30 2022
| Host         : DESKTOP-VC6STA9 running 64-bit major release  (build 9200)
| Command      : upgrade_ip
| Device       : xc7z020clg400-1
------------------------------------------------------------------------------------

Upgrade Log for IP 'design_1_image_0_0'

1. Summary
----------

SUCCESS in the conversion of design_1_image_0_0 (xilinx.com:user:image:1.0 (Rev. 2)) to Vivado generation flows.






Copyright 1986-2019 Xilinx, Inc. All Rights Reserved.
------------------------------------------------------------------------------------
| Tool Version : Vivado v.2019.1 (win64) Build 2552052 Fri May 24 14:49:42 MDT 2019
| Date         : Sat Nov 26 17:38:15 2022
| Host         : DESKTOP-VC6STA9 running 64-bit major release  (build 9200)
| Command      : upgrade_ip
| Device       : xc7z020clg400-1
------------------------------------------------------------------------------------

Upgrade Log for IP 'design_1_image_0_0'

1. Summary
----------

CAUTION (success, with warnings) in the conversion of design_1_image_0_0 (xilinx.com:user:image:1.0 (Rev. 2)) to Vivado generation flows.

2. Interface Information
------------------------

Detected external interface differences while upgrading 'design_1_image_0_0'.


-Upgrade has added interface 'axi_FeatureData' (xilinx.com:interface:axis:1.0)

-Upgrade has added interface 'axi_TreeData' (xilinx.com:interface:axis:1.0)







Copyright 1986-2019 Xilinx, Inc. All Rights Reserved.
------------------------------------------------------------------------------------
| Tool Version : Vivado v.2019.1 (win64) Build 2552052 Fri May 24 14:49:42 MDT 2019
| Date         : Sat Nov 26 16:35:37 2022
| Host         : DESKTOP-VC6STA9 running 64-bit major release  (build 9200)
| Command      : upgrade_ip
| Device       : xc7z020clg400-1
------------------------------------------------------------------------------------

Upgrade Log for IP 'design_1_image_0_0'

1. Summary
----------

SUCCESS in the conversion of design_1_image_0_0 (xilinx.com:user:image:1.0 (Rev. 2)) to Vivado generation flows.






Copyright 1986-2019 Xilinx, Inc. All Rights Reserved.
------------------------------------------------------------------------------------
| Tool Version : Vivado v.2019.1 (win64) Build 2552052 Fri May 24 14:49:42 MDT 2019
| Date         : Sat Nov 26 16:15:29 2022
| Host         : DESKTOP-VC6STA9 running 64-bit major release  (build 9200)
| Command      : upgrade_ip
| Device       : xc7z020clg400-1
------------------------------------------------------------------------------------

Upgrade Log for IP 'design_1_image_0_0'

1. Summary
----------

SUCCESS in the conversion of design_1_image_0_0 (xilinx.com:user:image:1.0 (Rev. 2)) to Vivado generation flows.






Copyright 1986-2019 Xilinx, Inc. All Rights Reserved.
------------------------------------------------------------------------------------
| Tool Version : Vivado v.2019.1 (win64) Build 2552052 Fri May 24 14:49:42 MDT 2019
| Date         : Sat Nov 26 16:11:53 2022
| Host         : DESKTOP-VC6STA9 running 64-bit major release  (build 9200)
| Command      : upgrade_ip
| Device       : xc7z020clg400-1
------------------------------------------------------------------------------------

Upgrade Log for IP 'design_1_image_0_0'

1. Summary
----------

SUCCESS in the conversion of design_1_image_0_0 (xilinx.com:user:image:1.0 (Rev. 2)) to Vivado generation flows.

