

================================================================
== Vivado HLS Report for 'multiply_a23'
================================================================
* Date:           Thu Oct  6 17:35:55 2022

* Version:        2019.1 (Build 2552052 on Fri May 24 15:28:33 MDT 2019)
* Project:        mp3a
* Solution:       solution1
* Product family: zynq
* Target device:  xc7z020-clg400-1


================================================================
== Performance Estimates
================================================================
+ Timing (ns): 
    * Summary: 
    +--------+-------+----------+------------+
    |  Clock | Target| Estimated| Uncertainty|
    +--------+-------+----------+------------+
    |ap_clk  |  10.00|     9.634|        1.25|
    +--------+-------+----------+------------+

+ Latency (clock cycles): 
    * Summary: 
    +---------+---------+---------+---------+---------+
    |      Latency      |      Interval     | Pipeline|
    |   min   |   max   |   min   |   max   |   Type  |
    +---------+---------+---------+---------+---------+
    |  1270201|  3270201|  1270201|  3270201|   none  |
    +---------+---------+---------+---------+---------+

    + Detail: 
        * Instance: 
        N/A

        * Loop: 
        +-----------------+---------+---------+---------------+-----------+-----------+------+----------+
        |                 |      Latency      |   Iteration   |  Initiation Interval  | Trip |          |
        |    Loop Name    |   min   |   max   |    Latency    |  achieved |   target  | Count| Pipelined|
        +-----------------+---------+---------+---------------+-----------+-----------+------+----------+
        |- Loop 1         |  1270200|  3270200| 12702 ~ 32702 |          -|          -|   100|    no    |
        | + Loop 1.1      |    12700|    32700|   127 ~ 327   |          -|          -|   100|    no    |
        |  ++ Loop 1.1.1  |      125|      325|     5 ~ 13    |          -|          -|    25|    no    |
        +-----------------+---------+---------+---------------+-----------+-----------+------+----------+



================================================================
== Utilization Estimates
================================================================
* Summary: 
+-----------------+---------+-------+--------+-------+-----+
|       Name      | BRAM_18K| DSP48E|   FF   |  LUT  | URAM|
+-----------------+---------+-------+--------+-------+-----+
|DSP              |        -|      4|       -|      -|    -|
|Expression       |        -|      3|       0|    526|    -|
|FIFO             |        -|      -|       -|      -|    -|
|Instance         |        -|      -|       -|      -|    -|
|Memory           |        -|      -|       -|      -|    -|
|Multiplexer      |        -|      -|       -|    211|    -|
|Register         |        -|      -|     454|      -|    -|
+-----------------+---------+-------+--------+-------+-----+
|Total            |        0|      7|     454|    737|    0|
+-----------------+---------+-------+--------+-------+-----+
|Available        |      280|    220|  106400|  53200|    0|
+-----------------+---------+-------+--------+-------+-----+
|Utilization (%)  |        0|      3|   ~0   |      1|    0|
+-----------------+---------+-------+--------+-------+-----+

+ Detail: 
    * Instance: 
    N/A

    * DSP48E: 
    +-------------------------+----------------------+--------------+
    |         Instance        |        Module        |  Expression  |
    +-------------------------+----------------------+--------------+
    |multiply_a23_mac_bkb_U1  |multiply_a23_mac_bkb  | i0 * i1 + i2 |
    |multiply_a23_mac_bkb_U2  |multiply_a23_mac_bkb  | i0 * i1 + i2 |
    |multiply_a23_mac_bkb_U3  |multiply_a23_mac_bkb  | i0 * i1 + i2 |
    |multiply_a23_mac_bkb_U4  |multiply_a23_mac_bkb  | i0 * i1 + i2 |
    +-------------------------+----------------------+--------------+

    * Memory: 
    N/A

    * FIFO: 
    N/A

    * Expression: 
    +-----------------------+----------+-------+---+----+------------+------------+
    |     Variable Name     | Operation| DSP48E| FF| LUT| Bitwidth P0| Bitwidth P1|
    +-----------------------+----------+-------+---+----+------------+------------+
    |grp_fu_256_p2          |     *    |      3|  0|  20|          32|          32|
    |add_ln13_fu_539_p2     |     +    |      0|  0|  15|           7|           3|
    |add_ln18_11_fu_519_p2  |     +    |      0|  0|  19|          14|          14|
    |add_ln18_1_fu_438_p2   |     +    |      0|  0|  39|          32|          32|
    |add_ln18_2_fu_486_p2   |     +    |      0|  0|  39|          32|          32|
    |add_ln18_3_fu_534_p2   |     +    |      0|  0|  39|          32|          32|
    |add_ln18_4_fu_326_p2   |     +    |      0|  0|  19|          14|          14|
    |add_ln18_5_fu_375_p2   |     +    |      0|  0|  19|          14|          14|
    |add_ln18_7_fu_423_p2   |     +    |      0|  0|  19|          14|          14|
    |add_ln18_9_fu_471_p2   |     +    |      0|  0|  19|          14|          14|
    |add_ln18_fu_390_p2     |     +    |      0|  0|  39|          32|          32|
    |add_ln4_fu_268_p2      |     +    |      0|  0|  19|          14|           7|
    |add_ln8_fu_300_p2      |     +    |      0|  0|  19|          14|           7|
    |i_fu_284_p2            |     +    |      0|  0|  15|           7|           1|
    |j_fu_316_p2            |     +    |      0|  0|  15|           7|           1|
    |and_ln17_1_fu_362_p2   |    and   |      0|  0|   2|           1|           1|
    |and_ln17_2_fu_410_p2   |    and   |      0|  0|   2|           1|           1|
    |and_ln17_3_fu_458_p2   |    and   |      0|  0|   2|           1|           1|
    |and_ln17_4_fu_506_p2   |    and   |      0|  0|   2|           1|           1|
    |and_ln17_fu_342_p2     |    and   |      0|  0|   2|           1|           1|
    |icmp_ln13_fu_351_p2    |   icmp   |      0|  0|  11|           7|           6|
    |icmp_ln17_1_fu_337_p2  |   icmp   |      0|  0|  18|          32|          32|
    |icmp_ln17_2_fu_357_p2  |   icmp   |      0|  0|  18|          32|          32|
    |icmp_ln17_3_fu_405_p2  |   icmp   |      0|  0|  18|          32|          32|
    |icmp_ln17_4_fu_453_p2  |   icmp   |      0|  0|  18|          32|          32|
    |icmp_ln17_5_fu_501_p2  |   icmp   |      0|  0|  18|          32|          32|
    |icmp_ln17_fu_290_p2    |   icmp   |      0|  0|  18|          32|          32|
    |icmp_ln4_fu_278_p2     |   icmp   |      0|  0|  11|           7|           6|
    |icmp_ln8_fu_310_p2     |   icmp   |      0|  0|  11|           7|           6|
    |or_ln13_1_fu_443_p2    |    or    |      0|  0|   7|           7|           2|
    |or_ln13_2_fu_491_p2    |    or    |      0|  0|   7|           7|           2|
    |or_ln13_fu_395_p2      |    or    |      0|  0|   7|           7|           1|
    +-----------------------+----------+-------+---+----+------------+------------+
    |Total                  |          |      3|  0| 526|         518|         469|
    +-----------------------+----------+-------+---+----+------------+------------+

    * Multiplexer: 
    +------------------+----+-----------+-----+-----------+
    |       Name       | LUT| Input Size| Bits| Total Bits|
    +------------------+----+-----------+-----+-----------+
    |A_address0        |  27|          5|   14|         70|
    |B_address0        |  27|          5|   14|         70|
    |C_d0              |  27|          5|   32|        160|
    |ap_NS_fsm         |  85|         17|    1|         17|
    |i_0_reg_191       |   9|          2|    7|         14|
    |j_0_reg_214       |   9|          2|    7|         14|
    |k_0_0_reg_236     |   9|          2|    7|         14|
    |phi_mul1_reg_202  |   9|          2|   14|         28|
    |phi_mul_reg_225   |   9|          2|   14|         28|
    +------------------+----+-----------+-----+-----------+
    |Total             | 211|         42|  110|        415|
    +------------------+----+-----------+-----+-----------+

    * Register: 
    +--------------------+----+----+-----+-----------+
    |        Name        | FF | LUT| Bits| Const Bits|
    +--------------------+----+----+-----+-----------+
    |C_addr_1_reg_638    |  14|   0|   14|          0|
    |C_load_1_reg_697    |  32|   0|   32|          0|
    |C_load_2_reg_721    |  32|   0|   32|          0|
    |C_load_3_reg_745    |  32|   0|   32|          0|
    |C_load_reg_673      |  32|   0|   32|          0|
    |add_ln4_reg_595     |  14|   0|   14|          0|
    |add_ln8_reg_617     |  14|   0|   14|          0|
    |and_ln17_1_reg_654  |   1|   0|    1|          0|
    |and_ln17_2_reg_678  |   1|   0|    1|          0|
    |and_ln17_3_reg_702  |   1|   0|    1|          0|
    |and_ln17_4_reg_726  |   1|   0|    1|          0|
    |and_ln17_reg_643    |   1|   0|    1|          0|
    |ap_CS_fsm           |  16|   0|   16|          0|
    |i_0_reg_191         |   7|   0|    7|          0|
    |i_reg_603           |   7|   0|    7|          0|
    |icmp_ln17_reg_612   |   1|   0|    1|          0|
    |j_0_reg_214         |   7|   0|    7|          0|
    |j_reg_625           |   7|   0|    7|          0|
    |k_0_0_reg_236       |   7|   0|    7|          0|
    |mul_ln18_1_reg_692  |  32|   0|   32|          0|
    |mul_ln18_2_reg_716  |  32|   0|   32|          0|
    |mul_ln18_3_reg_740  |  32|   0|   32|          0|
    |mul_ln18_reg_668    |  32|   0|   32|          0|
    |phi_mul1_reg_202    |  14|   0|   14|          0|
    |phi_mul_reg_225     |  14|   0|   14|          0|
    |reg_248             |  32|   0|   32|          0|
    |reg_252             |  32|   0|   32|          0|
    |zext_ln11_reg_630   |   7|   0|   14|          7|
    +--------------------+----+----+-----+-----------+
    |Total               | 454|   0|  461|          7|
    +--------------------+----+----+-----+-----------+



================================================================
== Interface
================================================================
* Summary: 
+------------+-----+-----+------------+--------------+--------------+
|  RTL Ports | Dir | Bits|  Protocol  | Source Object|    C Type    |
+------------+-----+-----+------------+--------------+--------------+
|ap_clk      |  in |    1| ap_ctrl_hs | multiply_a23 | return value |
|ap_rst      |  in |    1| ap_ctrl_hs | multiply_a23 | return value |
|ap_start    |  in |    1| ap_ctrl_hs | multiply_a23 | return value |
|ap_done     | out |    1| ap_ctrl_hs | multiply_a23 | return value |
|ap_idle     | out |    1| ap_ctrl_hs | multiply_a23 | return value |
|ap_ready    | out |    1| ap_ctrl_hs | multiply_a23 | return value |
|A_address0  | out |   14|  ap_memory |       A      |     array    |
|A_ce0       | out |    1|  ap_memory |       A      |     array    |
|A_q0        |  in |   32|  ap_memory |       A      |     array    |
|B_address0  | out |   14|  ap_memory |       B      |     array    |
|B_ce0       | out |    1|  ap_memory |       B      |     array    |
|B_q0        |  in |   32|  ap_memory |       B      |     array    |
|C_address0  | out |   14|  ap_memory |       C      |     array    |
|C_ce0       | out |    1|  ap_memory |       C      |     array    |
|C_we0       | out |    1|  ap_memory |       C      |     array    |
|C_d0        | out |   32|  ap_memory |       C      |     array    |
|C_q0        |  in |   32|  ap_memory |       C      |     array    |
|mA          |  in |   32|   ap_none  |      mA      |    scalar    |
|nA          |  in |   32|   ap_none  |      nA      |    scalar    |
|mB          |  in |   32|   ap_none  |      mB      |    scalar    |
|nB          |  in |   32|   ap_none  |      nB      |    scalar    |
|mC          |  in |   32|   ap_none  |      mC      |    scalar    |
|nC          |  in |   32|   ap_none  |      nC      |    scalar    |
+------------+-----+-----+------------+--------------+--------------+

