

================================================================
== Vivado HLS Report for 'multiply'
================================================================
* Date:           Thu Oct  6 00:46:15 2022

* Version:        2019.1 (Build 2552052 on Fri May 24 15:28:33 MDT 2019)
* Project:        mp3a
* Solution:       solution1
* Product family: zynq
* Target device:  xc7z020-clg400-1


================================================================
== Performance Estimates
================================================================
+ Timing (ns): 
    * Summary: 
    +--------+-------+----------+------------+
    |  Clock | Target| Estimated| Uncertainty|
    +--------+-------+----------+------------+
    |ap_clk  |  10.00|     8.510|        1.25|
    +--------+-------+----------+------------+

+ Latency (clock cycles): 
    * Summary: 
    +---------+---------+---------+---------+---------+
    |      Latency      |      Interval     | Pipeline|
    |   min   |   max   |   min   |   max   |   Type  |
    +---------+---------+---------+---------+---------+
    |  2020201|  4020201|  2020201|  4020201|   none  |
    +---------+---------+---------+---------+---------+

    + Detail: 
        * Instance: 
        N/A

        * Loop: 
        +-----------------+---------+---------+---------------+-----------+-----------+------+----------+
        |                 |      Latency      |   Iteration   |  Initiation Interval  | Trip |          |
        |    Loop Name    |   min   |   max   |    Latency    |  achieved |   target  | Count| Pipelined|
        +-----------------+---------+---------+---------------+-----------+-----------+------+----------+
        |- Loop 1         |  2020200|  4020200| 20202 ~ 40202 |          -|          -|   100|    no    |
        | + Loop 1.1      |    20200|    40200|   202 ~ 402   |          -|          -|   100|    no    |
        |  ++ Loop 1.1.1  |      200|      400|     2 ~ 4     |          -|          -|   100|    no    |
        +-----------------+---------+---------+---------------+-----------+-----------+------+----------+



================================================================
== Utilization Estimates
================================================================
* Summary: 
+-----------------+---------+-------+--------+-------+-----+
|       Name      | BRAM_18K| DSP48E|   FF   |  LUT  | URAM|
+-----------------+---------+-------+--------+-------+-----+
|DSP              |        -|      -|       -|      -|    -|
|Expression       |        -|      3|       0|    290|    -|
|FIFO             |        -|      -|       -|      -|    -|
|Instance         |        -|      -|       -|      -|    -|
|Memory           |        -|      -|       -|      -|    -|
|Multiplexer      |        -|      -|       -|     86|    -|
|Register         |        -|      -|     257|      -|    -|
+-----------------+---------+-------+--------+-------+-----+
|Total            |        0|      3|     257|    376|    0|
+-----------------+---------+-------+--------+-------+-----+
|Available        |      280|    220|  106400|  53200|    0|
+-----------------+---------+-------+--------+-------+-----+
|Utilization (%)  |        0|      1|   ~0   |   ~0  |    0|
+-----------------+---------+-------+--------+-------+-----+

+ Detail: 
    * Instance: 
    N/A

    * DSP48E: 
    N/A

    * Memory: 
    N/A

    * FIFO: 
    N/A

    * Expression: 
    +----------------------+----------+-------+---+----+------------+------------+
    |     Variable Name    | Operation| DSP48E| FF| LUT| Bitwidth P0| Bitwidth P1|
    +----------------------+----------+-------+---+----+------------+------------+
    |mul_ln8_fu_279_p2     |     *    |      3|  0|  20|          32|          32|
    |C_d0                  |     +    |      0|  0|  39|          32|          32|
    |add_ln4_fu_154_p2     |     +    |      0|  0|  19|          14|           7|
    |add_ln7_fu_248_p2     |     +    |      0|  0|  19|          14|           7|
    |add_ln8_1_fu_206_p2   |     +    |      0|  0|  19|          14|          14|
    |add_ln8_2_fu_258_p2   |     +    |      0|  0|  19|          14|          14|
    |add_ln8_3_fu_269_p2   |     +    |      0|  0|  19|          14|          14|
    |i_fu_170_p2           |     +    |      0|  0|  15|           7|           1|
    |j_fu_191_p2           |     +    |      0|  0|  15|           7|           1|
    |k_fu_227_p2           |     +    |      0|  0|  15|           7|           1|
    |and_ln7_1_fu_243_p2   |    and   |      0|  0|   2|           1|           1|
    |and_ln7_fu_238_p2     |    and   |      0|  0|   2|           1|           1|
    |icmp_ln4_fu_164_p2    |   icmp   |      0|  0|  11|           7|           6|
    |icmp_ln5_fu_185_p2    |   icmp   |      0|  0|  11|           7|           6|
    |icmp_ln6_fu_221_p2    |   icmp   |      0|  0|  11|           7|           6|
    |icmp_ln7_1_fu_197_p2  |   icmp   |      0|  0|  18|          32|          32|
    |icmp_ln7_2_fu_233_p2  |   icmp   |      0|  0|  18|          32|          32|
    |icmp_ln7_fu_176_p2    |   icmp   |      0|  0|  18|          32|          32|
    +----------------------+----------+-------+---+----+------------+------------+
    |Total                 |          |      3|  0| 290|         274|         239|
    +----------------------+----------+-------+---+----+------------+------------+

    * Multiplexer: 
    +------------------+----+-----------+-----+-----------+
    |       Name       | LUT| Input Size| Bits| Total Bits|
    +------------------+----+-----------+-----+-----------+
    |ap_NS_fsm         |  41|          8|    1|          8|
    |i_0_reg_98        |   9|          2|    7|         14|
    |j_0_reg_121       |   9|          2|    7|         14|
    |k_0_reg_132       |   9|          2|    7|         14|
    |phi_mul1_reg_109  |   9|          2|   14|         28|
    |phi_mul_reg_143   |   9|          2|   14|         28|
    +------------------+----+-----------+-----+-----------+
    |Total             |  86|         18|   50|        106|
    +------------------+----+-----------+-----+-----------+

    * Register: 
    +--------------------+----+----+-----+-----------+
    |        Name        | FF | LUT| Bits| Const Bits|
    +--------------------+----+----+-----+-----------+
    |A_load_reg_371      |  32|   0|   32|          0|
    |B_load_reg_376      |  32|   0|   32|          0|
    |C_addr_reg_339      |  14|   0|   14|          0|
    |C_load_reg_386      |  32|   0|   32|          0|
    |add_ln4_reg_303     |  14|   0|   14|          0|
    |add_ln7_reg_356     |  14|   0|   14|          0|
    |and_ln7_1_reg_352   |   1|   0|    1|          0|
    |ap_CS_fsm           |   7|   0|    7|          0|
    |i_0_reg_98          |   7|   0|    7|          0|
    |i_reg_311           |   7|   0|    7|          0|
    |icmp_ln7_1_reg_329  |   1|   0|    1|          0|
    |icmp_ln7_reg_316    |   1|   0|    1|          0|
    |j_0_reg_121         |   7|   0|    7|          0|
    |j_reg_324           |   7|   0|    7|          0|
    |k_0_reg_132         |   7|   0|    7|          0|
    |k_reg_347           |   7|   0|    7|          0|
    |mul_ln8_reg_381     |  32|   0|   32|          0|
    |phi_mul1_reg_109    |  14|   0|   14|          0|
    |phi_mul_reg_143     |  14|   0|   14|          0|
    |zext_ln8_reg_334    |   7|   0|   14|          7|
    +--------------------+----+----+-----+-----------+
    |Total               | 257|   0|  264|          7|
    +--------------------+----+----+-----+-----------+



================================================================
== Interface
================================================================
* Summary: 
+------------+-----+-----+------------+--------------+--------------+
|  RTL Ports | Dir | Bits|  Protocol  | Source Object|    C Type    |
+------------+-----+-----+------------+--------------+--------------+
|ap_clk      |  in |    1| ap_ctrl_hs |   multiply   | return value |
|ap_rst      |  in |    1| ap_ctrl_hs |   multiply   | return value |
|ap_start    |  in |    1| ap_ctrl_hs |   multiply   | return value |
|ap_done     | out |    1| ap_ctrl_hs |   multiply   | return value |
|ap_idle     | out |    1| ap_ctrl_hs |   multiply   | return value |
|ap_ready    | out |    1| ap_ctrl_hs |   multiply   | return value |
|A_address0  | out |   14|  ap_memory |       A      |     array    |
|A_ce0       | out |    1|  ap_memory |       A      |     array    |
|A_q0        |  in |   32|  ap_memory |       A      |     array    |
|B_address0  | out |   14|  ap_memory |       B      |     array    |
|B_ce0       | out |    1|  ap_memory |       B      |     array    |
|B_q0        |  in |   32|  ap_memory |       B      |     array    |
|C_address0  | out |   14|  ap_memory |       C      |     array    |
|C_ce0       | out |    1|  ap_memory |       C      |     array    |
|C_we0       | out |    1|  ap_memory |       C      |     array    |
|C_d0        | out |   32|  ap_memory |       C      |     array    |
|C_q0        |  in |   32|  ap_memory |       C      |     array    |
|mA          |  in |   32|   ap_none  |      mA      |    scalar    |
|nA          |  in |   32|   ap_none  |      nA      |    scalar    |
|mB          |  in |   32|   ap_none  |      mB      |    scalar    |
|nB          |  in |   32|   ap_none  |      nB      |    scalar    |
|mC          |  in |   32|   ap_none  |      mC      |    scalar    |
|nC          |  in |   32|   ap_none  |      nC      |    scalar    |
+------------+-----+-----+------------+--------------+--------------+

