INFO: [SIM 2] *************** CSIM start ***************
INFO: [SIM 4] CSIM will launch GCC as the compiler.
make: 'csim.exe' is up to date.
Test 2.1 (memory-mapped, loop unrolling): A[10][10], B[10][10]
Test passed
Test 2.1 (memory-mapped, loop unrolling): A[10][10], B[10][50]
Test passed
Test 2.1 (memory-mapped, loop unrolling): A[10][10], B[10][100]
Test passed
Test 2.1 (memory-mapped, loop unrolling): A[10][50], B[50][10]
Test passed
Test 2.1 (memory-mapped, loop unrolling): A[10][50], B[50][50]
Test passed
Test 2.1 (memory-mapped, loop unrolling): A[10][50], B[50][100]
Test passed
Test 2.1 (memory-mapped, loop unrolling): A[10][100], B[100][10]
Test passed
Test 2.1 (memory-mapped, loop unrolling): A[10][100], B[100][50]
Test passed
Test 2.1 (memory-mapped, loop unrolling): A[10][100], B[100][100]
Test passed
Test 2.1 (memory-mapped, loop unrolling): A[50][10], B[10][10]
Test passed
Test 2.1 (memory-mapped, loop unrolling): A[50][10], B[10][50]
Test passed
Test 2.1 (memory-mapped, loop unrolling): A[50][10], B[10][100]
Test passed
Test 2.1 (memory-mapped, loop unrolling): A[50][50], B[50][10]
Test passed
Test 2.1 (memory-mapped, loop unrolling): A[50][50], B[50][50]
Test passed
Test 2.1 (memory-mapped, loop unrolling): A[50][50], B[50][100]
Test passed
Test 2.1 (memory-mapped, loop unrolling): A[50][100], B[100][10]
Test passed
Test 2.1 (memory-mapped, loop unrolling): A[50][100], B[100][50]
Test passed
Test 2.1 (memory-mapped, loop unrolling): A[50][100], B[100][100]
Test passed
Test 2.1 (memory-mapped, loop unrolling): A[100][10], B[10][10]
Test passed
Test 2.1 (memory-mapped, loop unrolling): A[100][10], B[10][50]
Test passed
Test 2.1 (memory-mapped, loop unrolling): A[100][10], B[10][100]
Test passed
Test 2.1 (memory-mapped, loop unrolling): A[100][50], B[50][10]
Test passed
Test 2.1 (memory-mapped, loop unrolling): A[100][50], B[50][50]
Test passed
Test 2.1 (memory-mapped, loop unrolling): A[100][50], B[50][100]
Test passed
Test 2.1 (memory-mapped, loop unrolling): A[100][100], B[100][10]
Test passed
Test 2.1 (memory-mapped, loop unrolling): A[100][100], B[100][50]
Test passed
Test 2.1 (memory-mapped, loop unrolling): A[100][100], B[100][100]
Test passed
INFO: [SIM 1] CSim done with 0 errors.
INFO: [SIM 3] *************** CSIM finish ***************
