INFO: [SIM 2] *************** CSIM start ***************
INFO: [SIM 4] CSIM will launch GCC as the compiler.
   Compiling(apcc) ../../../multiply_tb.c in debug mode
INFO: [HLS 200-10] Running 'D:/Applications/Vivado/Vivado/2019.1/bin/unwrapped/win64.o/apcc.exe'
INFO: [HLS 200-10] For user 'Wang' on host 'laptop-5udm1u2m' (Windows NT_amd64 version 6.2) on Thu Oct 06 17:07:14 -0500 2022
INFO: [HLS 200-10] In directory 'D:/Code/UIUC-ECE527/mp3/mp3a/solution1/csim/build'
INFO: [APCC 202-3] Tmp directory is apcc_db
INFO: [APCC 202-1] APCC is done.
   Compiling(apcc) ../../../multiply_partA1-1.c in debug mode
INFO: [HLS 200-10] Running 'D:/Applications/Vivado/Vivado/2019.1/bin/unwrapped/win64.o/apcc.exe'
INFO: [HLS 200-10] For user 'Wang' on host 'laptop-5udm1u2m' (Windows NT_amd64 version 6.2) on Thu Oct 06 17:07:16 -0500 2022
INFO: [HLS 200-10] In directory 'D:/Code/UIUC-ECE527/mp3/mp3a/solution1/csim/build'
INFO: [APCC 202-3] Tmp directory is apcc_db
INFO: [APCC 202-1] APCC is done.
   Compiling(apcc) ../../../multiply_partA1-2.c in debug mode
INFO: [HLS 200-10] Running 'D:/Applications/Vivado/Vivado/2019.1/bin/unwrapped/win64.o/apcc.exe'
INFO: [HLS 200-10] For user 'Wang' on host 'laptop-5udm1u2m' (Windows NT_amd64 version 6.2) on Thu Oct 06 17:07:19 -0500 2022
INFO: [HLS 200-10] In directory 'D:/Code/UIUC-ECE527/mp3/mp3a/solution1/csim/build'
INFO: [APCC 202-3] Tmp directory is apcc_db
INFO: [APCC 202-1] APCC is done.
   Compiling(apcc) ../../../multiply_partA1-3.c in debug mode
INFO: [HLS 200-10] Running 'D:/Applications/Vivado/Vivado/2019.1/bin/unwrapped/win64.o/apcc.exe'
INFO: [HLS 200-10] For user 'Wang' on host 'laptop-5udm1u2m' (Windows NT_amd64 version 6.2) on Thu Oct 06 17:07:22 -0500 2022
INFO: [HLS 200-10] In directory 'D:/Code/UIUC-ECE527/mp3/mp3a/solution1/csim/build'
INFO: [APCC 202-3] Tmp directory is apcc_db
INFO: [APCC 202-1] APCC is done.
   Generating csim.exe
Test 1.3 (memory-mapped, loop unrolling): A[10][10], B[10][10]
Test passed
Test 1.3 (memory-mapped, loop unrolling): A[10][10], B[10][50]
Test passed
Test 1.3 (memory-mapped, loop unrolling): A[10][10], B[10][100]
Test passed
Test 1.3 (memory-mapped, loop unrolling): A[10][50], B[50][10]
Test passed
Test 1.3 (memory-mapped, loop unrolling): A[10][50], B[50][50]
Test passed
Test 1.3 (memory-mapped, loop unrolling): A[10][50], B[50][100]
Test passed
Test 1.3 (memory-mapped, loop unrolling): A[10][100], B[100][10]
Test passed
Test 1.3 (memory-mapped, loop unrolling): A[10][100], B[100][50]
Test passed
Test 1.3 (memory-mapped, loop unrolling): A[10][100], B[100][100]
Test passed
Test 1.3 (memory-mapped, loop unrolling): A[50][10], B[10][10]
Test passed
Test 1.3 (memory-mapped, loop unrolling): A[50][10], B[10][50]
Test passed
Test 1.3 (memory-mapped, loop unrolling): A[50][10], B[10][100]
Test passed
Test 1.3 (memory-mapped, loop unrolling): A[50][50], B[50][10]
Test passed
Test 1.3 (memory-mapped, loop unrolling): A[50][50], B[50][50]
Test passed
Test 1.3 (memory-mapped, loop unrolling): A[50][50], B[50][100]
Test passed
Test 1.3 (memory-mapped, loop unrolling): A[50][100], B[100][10]
Test passed
Test 1.3 (memory-mapped, loop unrolling): A[50][100], B[100][50]
Test passed
Test 1.3 (memory-mapped, loop unrolling): A[50][100], B[100][100]
Test passed
Test 1.3 (memory-mapped, loop unrolling): A[100][10], B[10][10]
Test passed
Test 1.3 (memory-mapped, loop unrolling): A[100][10], B[10][50]
Test passed
Test 1.3 (memory-mapped, loop unrolling): A[100][10], B[10][100]
Test passed
Test 1.3 (memory-mapped, loop unrolling): A[100][50], B[50][10]
Test passed
Test 1.3 (memory-mapped, loop unrolling): A[100][50], B[50][50]
Test passed
Test 1.3 (memory-mapped, loop unrolling): A[100][50], B[50][100]
Test passed
Test 1.3 (memory-mapped, loop unrolling): A[100][100], B[100][10]
Test passed
Test 1.3 (memory-mapped, loop unrolling): A[100][100], B[100][50]
Test passed
Test 1.3 (memory-mapped, loop unrolling): A[100][100], B[100][100]
Test passed
INFO: [SIM 1] CSim done with 0 errors.
INFO: [SIM 3] *************** CSIM finish ***************
