INFO: [HLS 200-10] Running 'C:/Xilinx/Vivado/2019.1/bin/unwrapped/win64.o/vivado_hls.exe'
INFO: [HLS 200-10] For user 'g1003' on host 'desktop-l5oess4' (Windows NT_amd64 version 6.2) on Sun Oct 18 11:04:23 -0400 2020
INFO: [HLS 200-10] In directory 'C:/Users/g1003/OneDrive/Desktop/Tutorial_Files'
Sourcing Tcl script 'C:/Users/g1003/OneDrive/Desktop/Tutorial_Files/accelerator_hls/vector_multiplier/export.tcl'
INFO: [HLS 200-10] Opening project 'C:/Users/g1003/OneDrive/Desktop/Tutorial_Files/accelerator_hls'.
INFO: [HLS 200-10] Opening solution 'C:/Users/g1003/OneDrive/Desktop/Tutorial_Files/accelerator_hls/vector_multiplier'.
INFO: [SYN 201-201] Setting up clock 'default' with a period of 10ns.
INFO: [HLS 200-10] Setting target device to 'xc7z020-clg400-1'
INFO: [HLS 200-435] Setting 'config_sdx -optimization_level' configuration: config_export -vivado_optimization_level=2
INFO: [HLS 200-435] Setting 'config_sdx -target' configuration: config_export -vivado_optimization_level=2
INFO: [HLS 200-435] Setting 'config_sdx -target' configuration: set_clock_uncertainty default
INFO: [SYN 201-201] Setting up clock 'default' with an uncertainty of 1.25ns.
INFO: [IMPL 213-8] Exporting RTL as a Vivado IP.

****** Vivado v2019.1 (64-bit)
  **** SW Build 2552052 on Fri May 24 14:49:42 MDT 2019
  **** IP Build 2548770 on Fri May 24 18:01:18 MDT 2019
    ** Copyright 1986-2019 Xilinx, Inc. All Rights Reserved.

source run_ippack.tcl -notrace
INFO: [IP_Flow 19-234] Refreshing IP repositories
INFO: [IP_Flow 19-1704] No user IP repositories specified
INFO: [IP_Flow 19-2313] Loaded Vivado IP repository 'C:/Xilinx/Vivado/2019.1/data/ip'.
INFO: [Common 17-206] Exiting Vivado at Sun Oct 18 11:04:29 2020...
