

================================================================
== Vivado HLS Report for 'i_relu1'
================================================================
* Date:           Sun Oct 30 00:20:22 2022

* Version:        2019.1 (Build 2552052 on Fri May 24 15:28:33 MDT 2019)
* Project:        lenet
* Solution:       solution1
* Product family: zynq
* Target device:  xc7z020-clg400-1


================================================================
== Performance Estimates
================================================================
+ Timing (ns): 
    * Summary: 
    +--------+-------+----------+------------+
    |  Clock | Target| Estimated| Uncertainty|
    +--------+-------+----------+------------+
    |ap_clk  |  10.00|     8.685|        1.25|
    +--------+-------+----------+------------+

+ Latency (clock cycles): 
    * Summary: 
    +-------+-------+-------+-------+---------+
    |    Latency    |    Interval   | Pipeline|
    |  min  |  max  |  min  |  max  |   Type  |
    +-------+-------+-------+-------+---------+
    |  14461|  14461|  14461|  14461|   none  |
    +-------+-------+-------+-------+---------+

    + Detail: 
        * Instance: 
        N/A

        * Loop: 
        +-----------------+-------+-------+----------+-----------+-----------+------+----------+
        |                 |    Latency    | Iteration|  Initiation Interval  | Trip |          |
        |    Loop Name    |  min  |  max  |  Latency |  achieved |   target  | Count| Pipelined|
        +-----------------+-------+-------+----------+-----------+-----------+------+----------+
        |- Loop 1         |  14460|  14460|      2410|          -|          -|     6|    no    |
        | + Loop 1.1      |   2408|   2408|        86|          -|          -|    28|    no    |
        |  ++ Loop 1.1.1  |     84|     84|         3|          -|          -|    28|    no    |
        +-----------------+-------+-------+----------+-----------+-----------+------+----------+

============================================================
+ Verbose Summary: Synthesis Manager
============================================================
InlineROM: 1
ExposeGlobal: 0
============================================================
+ Verbose Summary: CDFG Model
============================================================
IsTopModel: 0
ResetActiveHigh: 1
IsCombinational: 0
IsDatapathOnly: 0
HasWiredReturn: 1
HasMFsm: 0
HasVarLatency: 1
IsPipeline: 0
IsRtlPipelined: 0
IsInstanceOverlapped: 0
IsDontTouch: 0
HasImplIP: 0
IsGatedGlobalClock: 0


============================================================
+ Verbose Summary: Schedule
============================================================
* Number of FSM states : 6
* Pipeline : 0
* Dataflow Pipeline: 0

* FSM state transitions: 
1 --> 2 
2 --> 3 
3 --> 4 2 
4 --> 5 3 
5 --> 6 
6 --> 4 

* FSM state operations: 

State 1 <SV = 0> <Delay = 1.76>
ST_1 : Operation 7 [1/1] (1.76ns)   --->   "br label %.loopexit" [lenet/lenet_hls.cpp:30]   --->   Operation 7 'br' <Predicate = true> <Delay = 1.76>

State 2 <SV = 1> <Delay = 1.91>
ST_2 : Operation 8 [1/1] (0.00ns)   --->   "%i_0 = phi i3 [ 0, %0 ], [ %i, %.loopexit.loopexit ]"   --->   Operation 8 'phi' 'i_0' <Predicate = true> <Delay = 0.00>
ST_2 : Operation 9 [1/1] (1.13ns)   --->   "%icmp_ln30 = icmp eq i3 %i_0, -2" [lenet/lenet_hls.cpp:30]   --->   Operation 9 'icmp' 'icmp_ln30' <Predicate = true> <Delay = 1.13> <Core = "Cmp">   --->   Core 25 'Cmp' <Latency = 0> <II = 1> <Delay = 2.44> <FuncUnit> <Opcode : 'icmp'> <InPorts = 2> <OutPorts = 1>
ST_2 : Operation 10 [1/1] (0.00ns)   --->   "%empty = call i32 (...)* @_ssdm_op_SpecLoopTripCount(i64 6, i64 6, i64 6)"   --->   Operation 10 'speclooptripcount' 'empty' <Predicate = true> <Delay = 0.00>
ST_2 : Operation 11 [1/1] (1.65ns)   --->   "%i = add i3 %i_0, 1" [lenet/lenet_hls.cpp:30]   --->   Operation 11 'add' 'i' <Predicate = true> <Delay = 1.65> <Core = "AddSub">   --->   Core 14 'AddSub' <Latency = 0> <II = 1> <Delay = 1.81> <FuncUnit> <Opcode : 'add' 'sub'> <InPorts = 2> <OutPorts = 1>
ST_2 : Operation 12 [1/1] (0.00ns)   --->   "br i1 %icmp_ln30, label %3, label %.preheader1.preheader" [lenet/lenet_hls.cpp:30]   --->   Operation 12 'br' <Predicate = true> <Delay = 0.00>
ST_2 : Operation 13 [1/1] (0.00ns)   --->   "%tmp_s = call i8 @_ssdm_op_BitConcatenate.i8.i3.i5(i3 %i_0, i5 0)" [lenet/lenet_hls.cpp:33]   --->   Operation 13 'bitconcatenate' 'tmp_s' <Predicate = (!icmp_ln30)> <Delay = 0.00>
ST_2 : Operation 14 [1/1] (0.00ns)   --->   "%zext_ln33 = zext i8 %tmp_s to i9" [lenet/lenet_hls.cpp:33]   --->   Operation 14 'zext' 'zext_ln33' <Predicate = (!icmp_ln30)> <Delay = 0.00>
ST_2 : Operation 15 [1/1] (0.00ns)   --->   "%tmp_3 = call i5 @_ssdm_op_BitConcatenate.i5.i3.i2(i3 %i_0, i2 0)" [lenet/lenet_hls.cpp:33]   --->   Operation 15 'bitconcatenate' 'tmp_3' <Predicate = (!icmp_ln30)> <Delay = 0.00>
ST_2 : Operation 16 [1/1] (0.00ns)   --->   "%zext_ln33_1 = zext i5 %tmp_3 to i9" [lenet/lenet_hls.cpp:33]   --->   Operation 16 'zext' 'zext_ln33_1' <Predicate = (!icmp_ln30)> <Delay = 0.00>
ST_2 : Operation 17 [1/1] (1.91ns)   --->   "%sub_ln33 = sub i9 %zext_ln33, %zext_ln33_1" [lenet/lenet_hls.cpp:33]   --->   Operation 17 'sub' 'sub_ln33' <Predicate = (!icmp_ln30)> <Delay = 1.91> <Core = "AddSub">   --->   Core 14 'AddSub' <Latency = 0> <II = 1> <Delay = 1.81> <FuncUnit> <Opcode : 'add' 'sub'> <InPorts = 2> <OutPorts = 1>
ST_2 : Operation 18 [1/1] (0.00ns)   --->   "%sext_ln33 = sext i9 %sub_ln33 to i10" [lenet/lenet_hls.cpp:33]   --->   Operation 18 'sext' 'sext_ln33' <Predicate = (!icmp_ln30)> <Delay = 0.00>
ST_2 : Operation 19 [1/1] (1.76ns)   --->   "br label %.preheader1" [lenet/lenet_hls.cpp:31]   --->   Operation 19 'br' <Predicate = (!icmp_ln30)> <Delay = 1.76>
ST_2 : Operation 20 [1/1] (0.00ns)   --->   "ret void" [lenet/lenet_hls.cpp:35]   --->   Operation 20 'ret' <Predicate = (icmp_ln30)> <Delay = 0.00>

State 3 <SV = 2> <Delay = 3.63>
ST_3 : Operation 21 [1/1] (0.00ns)   --->   "%j_0 = phi i5 [ 0, %.preheader1.preheader ], [ %j, %.preheader1.loopexit ]"   --->   Operation 21 'phi' 'j_0' <Predicate = true> <Delay = 0.00>
ST_3 : Operation 22 [1/1] (1.36ns)   --->   "%icmp_ln31 = icmp eq i5 %j_0, -4" [lenet/lenet_hls.cpp:31]   --->   Operation 22 'icmp' 'icmp_ln31' <Predicate = true> <Delay = 1.36> <Core = "Cmp">   --->   Core 25 'Cmp' <Latency = 0> <II = 1> <Delay = 2.44> <FuncUnit> <Opcode : 'icmp'> <InPorts = 2> <OutPorts = 1>
ST_3 : Operation 23 [1/1] (0.00ns)   --->   "%empty_32 = call i32 (...)* @_ssdm_op_SpecLoopTripCount(i64 28, i64 28, i64 28)"   --->   Operation 23 'speclooptripcount' 'empty_32' <Predicate = true> <Delay = 0.00>
ST_3 : Operation 24 [1/1] (1.78ns)   --->   "%j = add i5 %j_0, 1" [lenet/lenet_hls.cpp:31]   --->   Operation 24 'add' 'j' <Predicate = true> <Delay = 1.78> <Core = "AddSub">   --->   Core 14 'AddSub' <Latency = 0> <II = 1> <Delay = 1.81> <FuncUnit> <Opcode : 'add' 'sub'> <InPorts = 2> <OutPorts = 1>
ST_3 : Operation 25 [1/1] (0.00ns)   --->   "br i1 %icmp_ln31, label %.loopexit.loopexit, label %.preheader.preheader" [lenet/lenet_hls.cpp:31]   --->   Operation 25 'br' <Predicate = true> <Delay = 0.00>
ST_3 : Operation 26 [1/1] (0.00ns)   --->   "%zext_ln33_2 = zext i5 %j_0 to i10" [lenet/lenet_hls.cpp:33]   --->   Operation 26 'zext' 'zext_ln33_2' <Predicate = (!icmp_ln31)> <Delay = 0.00>
ST_3 : Operation 27 [1/1] (1.82ns)   --->   "%add_ln33 = add i10 %sext_ln33, %zext_ln33_2" [lenet/lenet_hls.cpp:33]   --->   Operation 27 'add' 'add_ln33' <Predicate = (!icmp_ln31)> <Delay = 1.82> <Core = "AddSub">   --->   Core 14 'AddSub' <Latency = 0> <II = 1> <Delay = 1.81> <FuncUnit> <Opcode : 'add' 'sub'> <InPorts = 2> <OutPorts = 1>
ST_3 : Operation 28 [1/1] (0.00ns)   --->   "%trunc_ln33 = trunc i10 %add_ln33 to i9" [lenet/lenet_hls.cpp:33]   --->   Operation 28 'trunc' 'trunc_ln33' <Predicate = (!icmp_ln31)> <Delay = 0.00>
ST_3 : Operation 29 [1/1] (0.00ns)   --->   "%p_shl2_cast = call i14 @_ssdm_op_BitConcatenate.i14.i9.i5(i9 %trunc_ln33, i5 0)" [lenet/lenet_hls.cpp:33]   --->   Operation 29 'bitconcatenate' 'p_shl2_cast' <Predicate = (!icmp_ln31)> <Delay = 0.00>
ST_3 : Operation 30 [1/1] (0.00ns)   --->   "%tmp_6 = call i12 @_ssdm_op_BitConcatenate.i12.i10.i2(i10 %add_ln33, i2 0)" [lenet/lenet_hls.cpp:33]   --->   Operation 30 'bitconcatenate' 'tmp_6' <Predicate = (!icmp_ln31)> <Delay = 0.00>
ST_3 : Operation 31 [1/1] (0.00ns)   --->   "%sext_ln33_1 = sext i12 %tmp_6 to i14" [lenet/lenet_hls.cpp:33]   --->   Operation 31 'sext' 'sext_ln33_1' <Predicate = (!icmp_ln31)> <Delay = 0.00>
ST_3 : Operation 32 [1/1] (1.81ns)   --->   "%sub_ln33_1 = sub i14 %p_shl2_cast, %sext_ln33_1" [lenet/lenet_hls.cpp:33]   --->   Operation 32 'sub' 'sub_ln33_1' <Predicate = (!icmp_ln31)> <Delay = 1.81> <Core = "AddSub">   --->   Core 14 'AddSub' <Latency = 0> <II = 1> <Delay = 1.81> <FuncUnit> <Opcode : 'add' 'sub'> <InPorts = 2> <OutPorts = 1>
ST_3 : Operation 33 [1/1] (1.76ns)   --->   "br label %.preheader" [lenet/lenet_hls.cpp:32]   --->   Operation 33 'br' <Predicate = (!icmp_ln31)> <Delay = 1.76>
ST_3 : Operation 34 [1/1] (0.00ns)   --->   "br label %.loopexit"   --->   Operation 34 'br' <Predicate = (icmp_ln31)> <Delay = 0.00>

State 4 <SV = 3> <Delay = 5.06>
ST_4 : Operation 35 [1/1] (0.00ns)   --->   "%k_0 = phi i5 [ %k, %._crit_edge ], [ 0, %.preheader.preheader ]"   --->   Operation 35 'phi' 'k_0' <Predicate = true> <Delay = 0.00>
ST_4 : Operation 36 [1/1] (1.36ns)   --->   "%icmp_ln32 = icmp eq i5 %k_0, -4" [lenet/lenet_hls.cpp:32]   --->   Operation 36 'icmp' 'icmp_ln32' <Predicate = true> <Delay = 1.36> <Core = "Cmp">   --->   Core 25 'Cmp' <Latency = 0> <II = 1> <Delay = 2.44> <FuncUnit> <Opcode : 'icmp'> <InPorts = 2> <OutPorts = 1>
ST_4 : Operation 37 [1/1] (0.00ns)   --->   "%empty_33 = call i32 (...)* @_ssdm_op_SpecLoopTripCount(i64 28, i64 28, i64 28)"   --->   Operation 37 'speclooptripcount' 'empty_33' <Predicate = true> <Delay = 0.00>
ST_4 : Operation 38 [1/1] (1.78ns)   --->   "%k = add i5 %k_0, 1" [lenet/lenet_hls.cpp:32]   --->   Operation 38 'add' 'k' <Predicate = true> <Delay = 1.78> <Core = "AddSub">   --->   Core 14 'AddSub' <Latency = 0> <II = 1> <Delay = 1.81> <FuncUnit> <Opcode : 'add' 'sub'> <InPorts = 2> <OutPorts = 1>
ST_4 : Operation 39 [1/1] (0.00ns)   --->   "br i1 %icmp_ln32, label %.preheader1.loopexit, label %1" [lenet/lenet_hls.cpp:32]   --->   Operation 39 'br' <Predicate = true> <Delay = 0.00>
ST_4 : Operation 40 [1/1] (0.00ns)   --->   "%zext_ln33_3 = zext i5 %k_0 to i14" [lenet/lenet_hls.cpp:33]   --->   Operation 40 'zext' 'zext_ln33_3' <Predicate = (!icmp_ln32)> <Delay = 0.00>
ST_4 : Operation 41 [1/1] (1.81ns)   --->   "%add_ln33_1 = add i14 %sub_ln33_1, %zext_ln33_3" [lenet/lenet_hls.cpp:33]   --->   Operation 41 'add' 'add_ln33_1' <Predicate = (!icmp_ln32)> <Delay = 1.81> <Core = "AddSub">   --->   Core 14 'AddSub' <Latency = 0> <II = 1> <Delay = 1.81> <FuncUnit> <Opcode : 'add' 'sub'> <InPorts = 2> <OutPorts = 1>
ST_4 : Operation 42 [1/1] (0.00ns)   --->   "%zext_ln33_4 = zext i14 %add_ln33_1 to i64" [lenet/lenet_hls.cpp:33]   --->   Operation 42 'zext' 'zext_ln33_4' <Predicate = (!icmp_ln32)> <Delay = 0.00>
ST_4 : Operation 43 [1/1] (0.00ns)   --->   "%input_addr = getelementptr [4704 x float]* %input_r, i64 0, i64 %zext_ln33_4" [lenet/lenet_hls.cpp:33]   --->   Operation 43 'getelementptr' 'input_addr' <Predicate = (!icmp_ln32)> <Delay = 0.00>
ST_4 : Operation 44 [2/2] (3.25ns)   --->   "%input_load = load float* %input_addr, align 4" [lenet/lenet_hls.cpp:33]   --->   Operation 44 'load' 'input_load' <Predicate = (!icmp_ln32)> <Delay = 3.25> <Core = "RAM">   --->   Core 37 'RAM' <Latency = 1> <II = 1> <Delay = 3.25> <Storage> <Opcode : 'load' 'store'> <Ports = 2> <Width = 32> <Depth = 4704> <RAM>
ST_4 : Operation 45 [1/1] (0.00ns)   --->   "br label %.preheader1"   --->   Operation 45 'br' <Predicate = (icmp_ln32)> <Delay = 0.00>

State 5 <SV = 4> <Delay = 8.68>
ST_5 : Operation 46 [1/2] (3.25ns)   --->   "%input_load = load float* %input_addr, align 4" [lenet/lenet_hls.cpp:33]   --->   Operation 46 'load' 'input_load' <Predicate = true> <Delay = 3.25> <Core = "RAM">   --->   Core 37 'RAM' <Latency = 1> <II = 1> <Delay = 3.25> <Storage> <Opcode : 'load' 'store'> <Ports = 2> <Width = 32> <Depth = 4704> <RAM>
ST_5 : Operation 47 [1/1] (0.00ns)   --->   "%bitcast_ln33 = bitcast float %input_load to i32" [lenet/lenet_hls.cpp:33]   --->   Operation 47 'bitcast' 'bitcast_ln33' <Predicate = true> <Delay = 0.00>
ST_5 : Operation 48 [1/1] (0.00ns)   --->   "%tmp = call i8 @_ssdm_op_PartSelect.i8.i32.i32.i32(i32 %bitcast_ln33, i32 23, i32 30)" [lenet/lenet_hls.cpp:33]   --->   Operation 48 'partselect' 'tmp' <Predicate = true> <Delay = 0.00>
ST_5 : Operation 49 [1/1] (0.00ns)   --->   "%trunc_ln33_1 = trunc i32 %bitcast_ln33 to i23" [lenet/lenet_hls.cpp:33]   --->   Operation 49 'trunc' 'trunc_ln33_1' <Predicate = true> <Delay = 0.00>
ST_5 : Operation 50 [1/1] (1.55ns)   --->   "%icmp_ln33 = icmp ne i8 %tmp, -1" [lenet/lenet_hls.cpp:33]   --->   Operation 50 'icmp' 'icmp_ln33' <Predicate = true> <Delay = 1.55> <Core = "Cmp">   --->   Core 25 'Cmp' <Latency = 0> <II = 1> <Delay = 2.44> <FuncUnit> <Opcode : 'icmp'> <InPorts = 2> <OutPorts = 1>
ST_5 : Operation 51 [1/1] (2.44ns)   --->   "%icmp_ln33_1 = icmp eq i23 %trunc_ln33_1, 0" [lenet/lenet_hls.cpp:33]   --->   Operation 51 'icmp' 'icmp_ln33_1' <Predicate = true> <Delay = 2.44> <Core = "Cmp">   --->   Core 25 'Cmp' <Latency = 0> <II = 1> <Delay = 2.44> <FuncUnit> <Opcode : 'icmp'> <InPorts = 2> <OutPorts = 1>
ST_5 : Operation 52 [2/2] (5.43ns)   --->   "%tmp_7 = fcmp olt float %input_load, 0.000000e+00" [lenet/lenet_hls.cpp:33]   --->   Operation 52 'fcmp' 'tmp_7' <Predicate = true> <Delay = 5.43> <Core = "FCmp">   --->   Core 111 'FCmp' <Latency = 1> <II = 1> <Delay = 5.43> <FuncUnit> <Opcode : 'fcmp'> <InPorts = 2> <OutPorts = 1>

State 6 <SV = 5> <Delay = 6.40>
ST_6 : Operation 53 [1/1] (0.00ns) (grouped into LUT with out node and_ln33)   --->   "%or_ln33 = or i1 %icmp_ln33_1, %icmp_ln33" [lenet/lenet_hls.cpp:33]   --->   Operation 53 'or' 'or_ln33' <Predicate = true> <Delay = 0.00> <Core = "LogicGate">   --->   Core 27 'LogicGate' <Latency = 0> <II = 1> <Delay = 0.97> <FuncUnit> <Opcode : 'and' 'or' 'xor'> <InPorts = 2> <OutPorts = 1>
ST_6 : Operation 54 [1/2] (5.43ns)   --->   "%tmp_7 = fcmp olt float %input_load, 0.000000e+00" [lenet/lenet_hls.cpp:33]   --->   Operation 54 'fcmp' 'tmp_7' <Predicate = true> <Delay = 5.43> <Core = "FCmp">   --->   Core 111 'FCmp' <Latency = 1> <II = 1> <Delay = 5.43> <FuncUnit> <Opcode : 'fcmp'> <InPorts = 2> <OutPorts = 1>
ST_6 : Operation 55 [1/1] (0.97ns) (out node of the LUT)   --->   "%and_ln33 = and i1 %or_ln33, %tmp_7" [lenet/lenet_hls.cpp:33]   --->   Operation 55 'and' 'and_ln33' <Predicate = true> <Delay = 0.97> <Core = "LogicGate">   --->   Core 27 'LogicGate' <Latency = 0> <II = 1> <Delay = 0.97> <FuncUnit> <Opcode : 'and' 'or' 'xor'> <InPorts = 2> <OutPorts = 1>
ST_6 : Operation 56 [1/1] (0.00ns)   --->   "br i1 %and_ln33, label %2, label %._crit_edge" [lenet/lenet_hls.cpp:33]   --->   Operation 56 'br' <Predicate = true> <Delay = 0.00>
ST_6 : Operation 57 [1/1] (3.25ns)   --->   "store float 0.000000e+00, float* %input_addr, align 4" [lenet/lenet_hls.cpp:34]   --->   Operation 57 'store' <Predicate = (and_ln33)> <Delay = 3.25> <Core = "RAM">   --->   Core 37 'RAM' <Latency = 1> <II = 1> <Delay = 3.25> <Storage> <Opcode : 'load' 'store'> <Ports = 2> <Width = 32> <Depth = 4704> <RAM>
ST_6 : Operation 58 [1/1] (0.00ns)   --->   "br label %._crit_edge" [lenet/lenet_hls.cpp:34]   --->   Operation 58 'br' <Predicate = (and_ln33)> <Delay = 0.00>
ST_6 : Operation 59 [1/1] (0.00ns)   --->   "br label %.preheader" [lenet/lenet_hls.cpp:32]   --->   Operation 59 'br' <Predicate = true> <Delay = 0.00>


============================================================
+ Verbose Summary: Timing violations
============================================================
Target clock period: 10ns, clock uncertainty: 1.25ns.

 <State 1>: 1.77ns
The critical path consists of the following:
	multiplexor before 'phi' operation ('i') with incoming values : ('i', lenet/lenet_hls.cpp:30) [4]  (1.77 ns)

 <State 2>: 1.92ns
The critical path consists of the following:
	'phi' operation ('i') with incoming values : ('i', lenet/lenet_hls.cpp:30) [4]  (0 ns)
	'sub' operation ('sub_ln33', lenet/lenet_hls.cpp:33) [14]  (1.92 ns)

 <State 3>: 3.63ns
The critical path consists of the following:
	'phi' operation ('j') with incoming values : ('j', lenet/lenet_hls.cpp:31) [18]  (0 ns)
	'add' operation ('add_ln33', lenet/lenet_hls.cpp:33) [25]  (1.82 ns)
	'sub' operation ('sub_ln33_1', lenet/lenet_hls.cpp:33) [30]  (1.81 ns)

 <State 4>: 5.07ns
The critical path consists of the following:
	'phi' operation ('k') with incoming values : ('k', lenet/lenet_hls.cpp:32) [33]  (0 ns)
	'add' operation ('add_ln33_1', lenet/lenet_hls.cpp:33) [40]  (1.81 ns)
	'getelementptr' operation ('input_addr', lenet/lenet_hls.cpp:33) [42]  (0 ns)
	'load' operation ('input_load', lenet/lenet_hls.cpp:33) on array 'input_r' [43]  (3.25 ns)

 <State 5>: 8.69ns
The critical path consists of the following:
	'load' operation ('input_load', lenet/lenet_hls.cpp:33) on array 'input_r' [43]  (3.25 ns)
	'fcmp' operation ('tmp_7', lenet/lenet_hls.cpp:33) [50]  (5.43 ns)

 <State 6>: 6.41ns
The critical path consists of the following:
	'fcmp' operation ('tmp_7', lenet/lenet_hls.cpp:33) [50]  (5.43 ns)
	'and' operation ('and_ln33', lenet/lenet_hls.cpp:33) [51]  (0.978 ns)


============================================================
+ Verbose Summary: Binding
============================================================
N/A
* FSMD analyzer results:
  - Output states:
 - Input state : 
  - Chain level:
	State 1
	State 2
	State 3
	State 4
	State 5
	State 6


============================================================
+ Verbose Summary: Datapath Resource usage 
============================================================
N/A
